  [1m[35m (1.8ms)[0m  [1m[35mCREATE TABLE "schema_migrations" ("version" varchar NOT NULL PRIMARY KEY)[0m
  [1m[35m (1.7ms)[0m  [1m[35mCREATE TABLE "ar_internal_metadata" ("key" varchar NOT NULL PRIMARY KEY, "value" varchar, "created_at" datetime NOT NULL, "updated_at" datetime NOT NULL)[0m
  [1m[36mActiveRecord::SchemaMigration Load (0.2ms)[0m  [1m[34mSELECT "schema_migrations".* FROM "schema_migrations"[0m
Migrating to CreatePonies (20161214185759)
  [1m[35m (0.1ms)[0m  [1m[36mbegin transaction[0m
  [1m[35m (0.5ms)[0m  [1m[35mCREATE TABLE "ponies" ("id" INTEGER PRIMARY KEY AUTOINCREMENT NOT NULL, "name" varchar, "profession" varchar, "created_at" datetime NOT NULL, "updated_at" datetime NOT NULL)[0m
  [1m[35mSQL (0.2ms)[0m  [1m[32mINSERT INTO "schema_migrations" ("version") VALUES (?)[0m  [["version", "20161214185759"]]
  [1m[35m (1.7ms)[0m  [1m[36mcommit transaction[0m
  [1m[36mActiveRecord::InternalMetadata Load (0.2ms)[0m  [1m[34mSELECT  "ar_internal_metadata".* FROM "ar_internal_metadata" WHERE "ar_internal_metadata"."key" = ? LIMIT ?[0m  [["key", :environment], ["LIMIT", 1]]
  [1m[35m (0.1ms)[0m  [1m[36mbegin transaction[0m
  [1m[35mSQL (0.2ms)[0m  [1m[32mINSERT INTO "ar_internal_metadata" ("key", "value", "created_at", "updated_at") VALUES (?, ?, ?, ?)[0m  [["key", "environment"], ["value", "development"], ["created_at", 2016-12-14 18:59:03 UTC], ["updated_at", 2016-12-14 18:59:03 UTC]]
  [1m[35m (1.7ms)[0m  [1m[36mcommit transaction[0m
  [1m[36mActiveRecord::SchemaMigration Load (0.2ms)[0m  [1m[34mSELECT "schema_migrations".* FROM "schema_migrations"[0m
Started GET "/" for ::1 at 2016-12-14 12:59:30 -0600
  [1m[36mActiveRecord::SchemaMigration Load (0.1ms)[0m  [1m[34mSELECT "schema_migrations".* FROM "schema_migrations"[0m
Processing by Rails::WelcomeController#index as HTML
  Parameters: {"internal"=>true}
  Rendering /Users/MAXOLAC/.rbenv/versions/2.3.1/lib/ruby/gems/2.3.0/gems/railties-5.0.0.1/lib/rails/templates/rails/welcome/index.html.erb
  Rendered /Users/MAXOLAC/.rbenv/versions/2.3.1/lib/ruby/gems/2.3.0/gems/railties-5.0.0.1/lib/rails/templates/rails/welcome/index.html.erb (6.0ms)
Completed 200 OK in 27ms (Views: 16.4ms | ActiveRecord: 0.0ms)


Started GET "/ponies/new" for ::1 at 2016-12-14 13:00:24 -0600
Processing by PoniesController#new as HTML
  Rendering ponies/new.html.erb within layouts/application
  Rendered ponies/_form.html.erb (35.1ms)
  Rendered ponies/new.html.erb within layouts/application (37.6ms)
Completed 200 OK in 588ms (Views: 578.5ms | ActiveRecord: 0.5ms)


Started GET "/ponies/new" for ::1 at 2016-12-14 13:18:07 -0600
Processing by PoniesController#new as HTML
  Rendering ponies/new.html.erb within layouts/application
  Rendered ponies/_form.html.erb (4.1ms)
  Rendered ponies/new.html.erb within layouts/application (8.6ms)
Completed 200 OK in 53ms (Views: 41.4ms | ActiveRecord: 0.7ms)


Started POST "/ponies" for ::1 at 2016-12-14 13:18:39 -0600
Processing by PoniesController#create as HTML
  Parameters: {"utf8"=>"✓", "authenticity_token"=>"EReF25GzWUs/nnE1mjhiWvH3vIZC2vcks+blHsES6rH7yEngEmWtMgP6GMojz4+bFDq/CJ3+kCDvVaQ+JX1VQg==", "pony"=>{"name"=>"pony", "profession"=>"pony"}, "commit"=>"Create Pony"}
  [1m[35m (0.1ms)[0m  [1m[36mbegin transaction[0m
  [1m[35mSQL (0.4ms)[0m  [1m[32mINSERT INTO "ponies" ("name", "profession", "created_at", "updated_at") VALUES (?, ?, ?, ?)[0m  [["name", "pony"], ["profession", "pony"], ["created_at", 2016-12-14 19:18:39 UTC], ["updated_at", 2016-12-14 19:18:39 UTC]]
  [1m[35m (1.5ms)[0m  [1m[36mcommit transaction[0m
Redirected to http://localhost:3000/ponies/1
Completed 302 Found in 12ms (ActiveRecord: 1.9ms)


Started GET "/ponies/1" for ::1 at 2016-12-14 13:18:39 -0600
Processing by PoniesController#show as HTML
  Parameters: {"id"=>"1"}
  [1m[36mPony Load (0.2ms)[0m  [1m[34mSELECT  "ponies".* FROM "ponies" WHERE "ponies"."id" = ? LIMIT ?[0m  [["id", 1], ["LIMIT", 1]]
  Rendering ponies/show.html.erb within layouts/application
  Rendered ponies/show.html.erb within layouts/application (1.1ms)
Completed 200 OK in 49ms (Views: 40.3ms | ActiveRecord: 0.2ms)


Started GET "/ponies" for ::1 at 2016-12-14 13:18:43 -0600
Processing by PoniesController#index as HTML
  Rendering ponies/index.html.erb within layouts/application
  Rendered ponies/index.html.erb within layouts/application (2.4ms)
Completed 500 Internal Server Error in 40ms (ActiveRecord: 0.0ms)


  
SyntaxError (/Users/MAXOLAC/Desktop/workspace/PruebasFB/ponies/app/views/ponies/index.html.erb:21: syntax error, unexpected tSTRING_BEG, expecting =>
...?' }, :remote => true, :class 'delete_pony' );@output_buffer...
...                               ^):
  
app/views/ponies/index.html.erb:21: syntax error, unexpected tSTRING_BEG, expecting =>
  Rendering /Users/MAXOLAC/.rbenv/versions/2.3.1/lib/ruby/gems/2.3.0/gems/actionpack-5.0.0.1/lib/action_dispatch/middleware/templates/rescues/diagnostics.html.erb within rescues/layout
  Rendering /Users/MAXOLAC/.rbenv/versions/2.3.1/lib/ruby/gems/2.3.0/gems/actionpack-5.0.0.1/lib/action_dispatch/middleware/templates/rescues/_source.html.erb
  Rendered /Users/MAXOLAC/.rbenv/versions/2.3.1/lib/ruby/gems/2.3.0/gems/actionpack-5.0.0.1/lib/action_dispatch/middleware/templates/rescues/_source.html.erb (5.8ms)
  Rendering /Users/MAXOLAC/.rbenv/versions/2.3.1/lib/ruby/gems/2.3.0/gems/actionpack-5.0.0.1/lib/action_dispatch/middleware/templates/rescues/_trace.html.erb
  Rendered /Users/MAXOLAC/.rbenv/versions/2.3.1/lib/ruby/gems/2.3.0/gems/actionpack-5.0.0.1/lib/action_dispatch/middleware/templates/rescues/_trace.html.erb (2.1ms)
  Rendering /Users/MAXOLAC/.rbenv/versions/2.3.1/lib/ruby/gems/2.3.0/gems/actionpack-5.0.0.1/lib/action_dispatch/middleware/templates/rescues/_request_and_response.html.erb
  Rendered /Users/MAXOLAC/.rbenv/versions/2.3.1/lib/ruby/gems/2.3.0/gems/actionpack-5.0.0.1/lib/action_dispatch/middleware/templates/rescues/_request_and_response.html.erb (0.9ms)
  Rendered /Users/MAXOLAC/.rbenv/versions/2.3.1/lib/ruby/gems/2.3.0/gems/actionpack-5.0.0.1/lib/action_dispatch/middleware/templates/rescues/diagnostics.html.erb within rescues/layout (84.7ms)
Started GET "/ponies" for ::1 at 2016-12-14 13:18:50 -0600
Processing by PoniesController#index as HTML
  Rendering ponies/index.html.erb within layouts/application
  Rendered ponies/index.html.erb within layouts/application (1.1ms)
Completed 500 Internal Server Error in 9ms (ActiveRecord: 0.0ms)


  
SyntaxError (/Users/MAXOLAC/Desktop/workspace/PruebasFB/ponies/app/views/ponies/index.html.erb:21: syntax error, unexpected tSTRING_BEG, expecting =>
...?' }, :remote => true, :class 'delete_pony' );@output_buffer...
...                               ^):
  
app/views/ponies/index.html.erb:21: syntax error, unexpected tSTRING_BEG, expecting =>
  Rendering /Users/MAXOLAC/.rbenv/versions/2.3.1/lib/ruby/gems/2.3.0/gems/actionpack-5.0.0.1/lib/action_dispatch/middleware/templates/rescues/diagnostics.html.erb within rescues/layout
  Rendering /Users/MAXOLAC/.rbenv/versions/2.3.1/lib/ruby/gems/2.3.0/gems/actionpack-5.0.0.1/lib/action_dispatch/middleware/templates/rescues/_source.html.erb
  Rendered /Users/MAXOLAC/.rbenv/versions/2.3.1/lib/ruby/gems/2.3.0/gems/actionpack-5.0.0.1/lib/action_dispatch/middleware/templates/rescues/_source.html.erb (4.8ms)
  Rendering /Users/MAXOLAC/.rbenv/versions/2.3.1/lib/ruby/gems/2.3.0/gems/actionpack-5.0.0.1/lib/action_dispatch/middleware/templates/rescues/_trace.html.erb
  Rendered /Users/MAXOLAC/.rbenv/versions/2.3.1/lib/ruby/gems/2.3.0/gems/actionpack-5.0.0.1/lib/action_dispatch/middleware/templates/rescues/_trace.html.erb (9.5ms)
  Rendering /Users/MAXOLAC/.rbenv/versions/2.3.1/lib/ruby/gems/2.3.0/gems/actionpack-5.0.0.1/lib/action_dispatch/middleware/templates/rescues/_request_and_response.html.erb
  Rendered /Users/MAXOLAC/.rbenv/versions/2.3.1/lib/ruby/gems/2.3.0/gems/actionpack-5.0.0.1/lib/action_dispatch/middleware/templates/rescues/_request_and_response.html.erb (0.8ms)
  Rendered /Users/MAXOLAC/.rbenv/versions/2.3.1/lib/ruby/gems/2.3.0/gems/actionpack-5.0.0.1/lib/action_dispatch/middleware/templates/rescues/diagnostics.html.erb within rescues/layout (94.8ms)
Started GET "/ponies" for ::1 at 2016-12-14 13:19:57 -0600
Processing by PoniesController#index as HTML
  Rendering ponies/index.html.erb within layouts/application
  [1m[36mPony Load (0.1ms)[0m  [1m[34mSELECT "ponies".* FROM "ponies"[0m
  Rendered ponies/index.html.erb within layouts/application (3.0ms)
Completed 200 OK in 26ms (Views: 23.9ms | ActiveRecord: 0.1ms)


Started DELETE "/ponies/1" for ::1 at 2016-12-14 13:20:02 -0600
Processing by PoniesController#destroy as JS
  Parameters: {"id"=>"1"}
  [1m[36mPony Load (0.2ms)[0m  [1m[34mSELECT  "ponies".* FROM "ponies" WHERE "ponies"."id" = ? LIMIT ?[0m  [["id", 1], ["LIMIT", 1]]
  [1m[36mCACHE (0.0ms)[0m  [1m[34mSELECT  "ponies".* FROM "ponies" WHERE "ponies"."id" = ? LIMIT ?[0m  [["id", 1], ["LIMIT", 1]]
  [1m[35m (0.2ms)[0m  [1m[36mbegin transaction[0m
  [1m[35mSQL (0.2ms)[0m  [1m[31mDELETE FROM "ponies" WHERE "ponies"."id" = ?[0m  [["id", 1]]
  [1m[35m (1.7ms)[0m  [1m[36mcommit transaction[0m
  Rendering ponies/destroy.js.erb
  Rendered ponies/destroy.js.erb (0.5ms)
Completed 200 OK in 12ms (Views: 4.2ms | ActiveRecord: 2.4ms)


Started GET "/ponies" for ::1 at 2016-12-14 13:20:37 -0600
Processing by PoniesController#index as HTML
  Rendering ponies/index.html.erb within layouts/application
  [1m[36mPony Load (0.1ms)[0m  [1m[34mSELECT "ponies".* FROM "ponies"[0m
  Rendered ponies/index.html.erb within layouts/application (1.5ms)
Completed 200 OK in 27ms (Views: 23.3ms | ActiveRecord: 0.1ms)


Started GET "/ponies/new" for ::1 at 2016-12-14 13:20:42 -0600
Processing by PoniesController#new as HTML
  Rendering ponies/new.html.erb within layouts/application
  Rendered ponies/_form.html.erb (3.3ms)
  Rendered ponies/new.html.erb within layouts/application (6.0ms)
Completed 200 OK in 51ms (Views: 48.7ms | ActiveRecord: 0.0ms)


Started POST "/ponies" for ::1 at 2016-12-14 13:20:51 -0600
Processing by PoniesController#create as HTML
  Parameters: {"utf8"=>"✓", "authenticity_token"=>"aVVQ0r8y/+H2AQwmihemAIRAxeX5GojedXhEp4Nq6jh0WIs2WZa3do0q1Kg7Nk4/l+cH52EPyze6nlu7cn3I2A==", "pony"=>{"name"=>"pony", "profession"=>"pony"}, "commit"=>"Create Pony"}
  [1m[35m (0.1ms)[0m  [1m[36mbegin transaction[0m
  [1m[35mSQL (0.5ms)[0m  [1m[32mINSERT INTO "ponies" ("name", "profession", "created_at", "updated_at") VALUES (?, ?, ?, ?)[0m  [["name", "pony"], ["profession", "pony"], ["created_at", 2016-12-14 19:20:51 UTC], ["updated_at", 2016-12-14 19:20:51 UTC]]
  [1m[35m (1.6ms)[0m  [1m[36mcommit transaction[0m
Redirected to http://localhost:3000/ponies/2
Completed 302 Found in 7ms (ActiveRecord: 2.1ms)


Started GET "/ponies/2" for ::1 at 2016-12-14 13:20:51 -0600
Processing by PoniesController#show as HTML
  Parameters: {"id"=>"2"}
  [1m[36mPony Load (0.1ms)[0m  [1m[34mSELECT  "ponies".* FROM "ponies" WHERE "ponies"."id" = ? LIMIT ?[0m  [["id", 2], ["LIMIT", 1]]
  Rendering ponies/show.html.erb within layouts/application
  Rendered ponies/show.html.erb within layouts/application (0.7ms)
Completed 200 OK in 22ms (Views: 19.9ms | ActiveRecord: 0.1ms)


Started GET "/ponies" for ::1 at 2016-12-14 13:20:54 -0600
Processing by PoniesController#index as HTML
  Rendering ponies/index.html.erb within layouts/application
  [1m[36mPony Load (0.1ms)[0m  [1m[34mSELECT "ponies".* FROM "ponies"[0m
  Rendered ponies/index.html.erb within layouts/application (2.3ms)
Completed 200 OK in 47ms (Views: 45.0ms | ActiveRecord: 0.1ms)


Started GET "/ponies/new" for ::1 at 2016-12-14 13:21:00 -0600
Processing by PoniesController#new as HTML
  Rendering ponies/new.html.erb within layouts/application
  Rendered ponies/_form.html.erb (4.2ms)
  Rendered ponies/new.html.erb within layouts/application (7.5ms)
Completed 200 OK in 50ms (Views: 47.4ms | ActiveRecord: 0.0ms)


Started POST "/ponies" for ::1 at 2016-12-14 13:21:07 -0600
Processing by PoniesController#create as HTML
  Parameters: {"utf8"=>"✓", "authenticity_token"=>"PWuCsuaXFsfpwFmiiRFzkl+eW0Lmzds+5uZI4Jcx7T4gZllWADNeUJLrgSw4MJutTDmZQH7YmNcpAFf8ZibP3g==", "pony"=>{"name"=>"pony2", "profession"=>"pony2"}, "commit"=>"Create Pony"}
  [1m[35m (0.1ms)[0m  [1m[36mbegin transaction[0m
  [1m[35mSQL (0.4ms)[0m  [1m[32mINSERT INTO "ponies" ("name", "profession", "created_at", "updated_at") VALUES (?, ?, ?, ?)[0m  [["name", "pony2"], ["profession", "pony2"], ["created_at", 2016-12-14 19:21:07 UTC], ["updated_at", 2016-12-14 19:21:07 UTC]]
  [1m[35m (1.7ms)[0m  [1m[36mcommit transaction[0m
Redirected to http://localhost:3000/ponies/3
Completed 302 Found in 6ms (ActiveRecord: 2.2ms)


Started GET "/ponies/3" for ::1 at 2016-12-14 13:21:07 -0600
Processing by PoniesController#show as HTML
  Parameters: {"id"=>"3"}
  [1m[36mPony Load (0.1ms)[0m  [1m[34mSELECT  "ponies".* FROM "ponies" WHERE "ponies"."id" = ? LIMIT ?[0m  [["id", 3], ["LIMIT", 1]]
  Rendering ponies/show.html.erb within layouts/application
  Rendered ponies/show.html.erb within layouts/application (0.8ms)
Completed 200 OK in 23ms (Views: 20.2ms | ActiveRecord: 0.1ms)


Started GET "/ponies" for ::1 at 2016-12-14 13:21:09 -0600
Processing by PoniesController#index as HTML
  Rendering ponies/index.html.erb within layouts/application
  [1m[36mPony Load (0.2ms)[0m  [1m[34mSELECT "ponies".* FROM "ponies"[0m
  Rendered ponies/index.html.erb within layouts/application (2.6ms)
Completed 200 OK in 40ms (Views: 37.8ms | ActiveRecord: 0.2ms)


Started DELETE "/ponies/2" for ::1 at 2016-12-14 13:21:12 -0600
Processing by PoniesController#destroy as JS
  Parameters: {"id"=>"2"}
  [1m[36mPony Load (0.2ms)[0m  [1m[34mSELECT  "ponies".* FROM "ponies" WHERE "ponies"."id" = ? LIMIT ?[0m  [["id", 2], ["LIMIT", 1]]
  [1m[36mCACHE (0.1ms)[0m  [1m[34mSELECT  "ponies".* FROM "ponies" WHERE "ponies"."id" = ? LIMIT ?[0m  [["id", 2], ["LIMIT", 1]]
  [1m[35m (0.1ms)[0m  [1m[36mbegin transaction[0m
  [1m[35mSQL (0.4ms)[0m  [1m[31mDELETE FROM "ponies" WHERE "ponies"."id" = ?[0m  [["id", 2]]
  [1m[35m (1.7ms)[0m  [1m[36mcommit transaction[0m
  Rendering ponies/destroy.js.erb
  Rendered ponies/destroy.js.erb (0.3ms)
Completed 200 OK in 9ms (Views: 2.4ms | ActiveRecord: 2.4ms)


Started GET "/ponies" for ::1 at 2016-12-14 13:21:24 -0600
Processing by PoniesController#index as HTML
  Rendering ponies/index.html.erb within layouts/application
  [1m[36mPony Load (0.2ms)[0m  [1m[34mSELECT "ponies".* FROM "ponies"[0m
  Rendered ponies/index.html.erb within layouts/application (1.9ms)
Completed 200 OK in 21ms (Views: 19.2ms | ActiveRecord: 0.1ms)


Started GET "/ponies" for ::1 at 2016-12-14 13:22:48 -0600
Processing by PoniesController#index as HTML
  Rendering ponies/index.html.erb within layouts/application
  [1m[36mPony Load (0.1ms)[0m  [1m[34mSELECT "ponies".* FROM "ponies"[0m
  Rendered ponies/index.html.erb within layouts/application (2.0ms)
Completed 200 OK in 30ms (Views: 27.9ms | ActiveRecord: 0.1ms)


Started DELETE "/ponies/3" for ::1 at 2016-12-14 13:22:53 -0600
Processing by PoniesController#destroy as JS
  Parameters: {"id"=>"3"}
  [1m[36mPony Load (0.2ms)[0m  [1m[34mSELECT  "ponies".* FROM "ponies" WHERE "ponies"."id" = ? LIMIT ?[0m  [["id", 3], ["LIMIT", 1]]
  [1m[36mCACHE (0.0ms)[0m  [1m[34mSELECT  "ponies".* FROM "ponies" WHERE "ponies"."id" = ? LIMIT ?[0m  [["id", 3], ["LIMIT", 1]]
  [1m[35m (0.1ms)[0m  [1m[36mbegin transaction[0m
  [1m[35mSQL (0.5ms)[0m  [1m[31mDELETE FROM "ponies" WHERE "ponies"."id" = ?[0m  [["id", 3]]
  [1m[35m (1.5ms)[0m  [1m[36mcommit transaction[0m
  Rendering ponies/destroy.js.erb
  Rendered ponies/destroy.js.erb (0.4ms)
Completed 200 OK in 11ms (Views: 3.3ms | ActiveRecord: 2.3ms)


Started GET "/ponies" for ::1 at 2016-12-14 13:23:07 -0600
Processing by PoniesController#index as HTML
  Rendering ponies/index.html.erb within layouts/application
  [1m[36mPony Load (0.1ms)[0m  [1m[34mSELECT "ponies".* FROM "ponies"[0m
  Rendered ponies/index.html.erb within layouts/application (1.4ms)
Completed 200 OK in 26ms (Views: 23.7ms | ActiveRecord: 0.1ms)


Started GET "/ponies" for ::1 at 2016-12-14 13:24:05 -0600
Processing by PoniesController#index as HTML
  Rendering ponies/index.html.erb within layouts/application
  [1m[36mPony Load (0.2ms)[0m  [1m[34mSELECT "ponies".* FROM "ponies"[0m
  Rendered ponies/index.html.erb within layouts/application (1.8ms)
Completed 200 OK in 26ms (Views: 24.0ms | ActiveRecord: 0.2ms)


Started GET "/ponies" for ::1 at 2016-12-14 13:27:07 -0600
Processing by PoniesController#index as HTML
  Rendering ponies/index.html.erb within layouts/application
  [1m[36mPony Load (0.2ms)[0m  [1m[34mSELECT "ponies".* FROM "ponies"[0m
  Rendered ponies/index.html.erb within layouts/application (1.7ms)
Completed 200 OK in 25ms (Views: 22.5ms | ActiveRecord: 0.2ms)


Started GET "/ponies/new" for ::1 at 2016-12-14 13:27:10 -0600
Processing by PoniesController#new as HTML
  Rendering ponies/new.html.erb within layouts/application
  Rendered ponies/_form.html.erb (2.9ms)
  Rendered ponies/new.html.erb within layouts/application (6.1ms)
Completed 200 OK in 49ms (Views: 47.2ms | ActiveRecord: 0.0ms)


Started POST "/ponies" for ::1 at 2016-12-14 13:27:14 -0600
Processing by PoniesController#create as HTML
  Parameters: {"utf8"=>"✓", "authenticity_token"=>"hOQ0QXSMYTG7DOzNeNLWlpO1UiElLtVY8ACcXDYxbt+Z6e+lkigppsAnNEPJ8z6pgBKQI707lrE/5oNAxyZMPw==", "pony"=>{"name"=>"hgfjfhgkj", "profession"=>"fjkgkjgh"}, "commit"=>"Create Pony"}
  [1m[35m (0.1ms)[0m  [1m[36mbegin transaction[0m
  [1m[35mSQL (0.8ms)[0m  [1m[32mINSERT INTO "ponies" ("name", "profession", "created_at", "updated_at") VALUES (?, ?, ?, ?)[0m  [["name", "hgfjfhgkj"], ["profession", "fjkgkjgh"], ["created_at", 2016-12-14 19:27:14 UTC], ["updated_at", 2016-12-14 19:27:14 UTC]]
  [1m[35m (1.5ms)[0m  [1m[36mcommit transaction[0m
Redirected to http://localhost:3000/ponies/4
Completed 302 Found in 7ms (ActiveRecord: 2.4ms)


Started GET "/ponies/4" for ::1 at 2016-12-14 13:27:14 -0600
Processing by PoniesController#show as HTML
  Parameters: {"id"=>"4"}
  [1m[36mPony Load (0.1ms)[0m  [1m[34mSELECT  "ponies".* FROM "ponies" WHERE "ponies"."id" = ? LIMIT ?[0m  [["id", 4], ["LIMIT", 1]]
  Rendering ponies/show.html.erb within layouts/application
  Rendered ponies/show.html.erb within layouts/application (1.1ms)
Completed 200 OK in 25ms (Views: 22.7ms | ActiveRecord: 0.1ms)


Started GET "/ponies" for ::1 at 2016-12-14 13:27:17 -0600
Processing by PoniesController#index as HTML
  Rendering ponies/index.html.erb within layouts/application
  [1m[36mPony Load (0.2ms)[0m  [1m[34mSELECT "ponies".* FROM "ponies"[0m
  Rendered ponies/index.html.erb within layouts/application (3.5ms)
Completed 200 OK in 49ms (Views: 46.7ms | ActiveRecord: 0.2ms)


Started GET "/ponies/new" for ::1 at 2016-12-14 13:27:19 -0600
Processing by PoniesController#new as HTML
  Rendering ponies/new.html.erb within layouts/application
  Rendered ponies/_form.html.erb (8.1ms)
  Rendered ponies/new.html.erb within layouts/application (20.9ms)
Completed 200 OK in 58ms (Views: 55.5ms | ActiveRecord: 0.0ms)


Started POST "/ponies" for ::1 at 2016-12-14 13:27:22 -0600
Processing by PoniesController#create as HTML
  Parameters: {"utf8"=>"✓", "authenticity_token"=>"fUCf9+mYqMNaSBNwF0RBcKeciWqExbDiukN5vnQXuwVgTUQTDzzgVCFjy/6mZalPtDtLaBzQ8wt1pWaihQCZ5Q==", "pony"=>{"name"=>"ghjkghjk", "profession"=>"ghjkghkhk"}, "commit"=>"Create Pony"}
  [1m[35m (0.1ms)[0m  [1m[36mbegin transaction[0m
  [1m[35mSQL (0.5ms)[0m  [1m[32mINSERT INTO "ponies" ("name", "profession", "created_at", "updated_at") VALUES (?, ?, ?, ?)[0m  [["name", "ghjkghjk"], ["profession", "ghjkghkhk"], ["created_at", 2016-12-14 19:27:22 UTC], ["updated_at", 2016-12-14 19:27:22 UTC]]
  [1m[35m (1.5ms)[0m  [1m[36mcommit transaction[0m
Redirected to http://localhost:3000/ponies/5
Completed 302 Found in 8ms (ActiveRecord: 2.1ms)


Started GET "/ponies/5" for ::1 at 2016-12-14 13:27:22 -0600
Processing by PoniesController#show as HTML
  Parameters: {"id"=>"5"}
  [1m[36mPony Load (0.1ms)[0m  [1m[34mSELECT  "ponies".* FROM "ponies" WHERE "ponies"."id" = ? LIMIT ?[0m  [["id", 5], ["LIMIT", 1]]
  Rendering ponies/show.html.erb within layouts/application
  Rendered ponies/show.html.erb within layouts/application (1.2ms)
Completed 200 OK in 25ms (Views: 20.5ms | ActiveRecord: 0.1ms)


Started GET "/ponies" for ::1 at 2016-12-14 13:27:25 -0600
Processing by PoniesController#index as HTML
  Rendering ponies/index.html.erb within layouts/application
  [1m[36mPony Load (0.3ms)[0m  [1m[34mSELECT "ponies".* FROM "ponies"[0m
  Rendered ponies/index.html.erb within layouts/application (3.3ms)
Completed 200 OK in 43ms (Views: 41.0ms | ActiveRecord: 0.3ms)


Started DELETE "/ponies/4" for ::1 at 2016-12-14 13:27:28 -0600
Processing by PoniesController#destroy as JS
  Parameters: {"id"=>"4"}
  [1m[36mPony Load (0.2ms)[0m  [1m[34mSELECT  "ponies".* FROM "ponies" WHERE "ponies"."id" = ? LIMIT ?[0m  [["id", 4], ["LIMIT", 1]]
  [1m[36mCACHE (0.0ms)[0m  [1m[34mSELECT  "ponies".* FROM "ponies" WHERE "ponies"."id" = ? LIMIT ?[0m  [["id", 4], ["LIMIT", 1]]
  [1m[35m (0.1ms)[0m  [1m[36mbegin transaction[0m
  [1m[35mSQL (0.5ms)[0m  [1m[31mDELETE FROM "ponies" WHERE "ponies"."id" = ?[0m  [["id", 4]]
  [1m[35m (1.5ms)[0m  [1m[36mcommit transaction[0m
  Rendering ponies/destroy.js.erb
  Rendered ponies/destroy.js.erb (0.4ms)
Completed 200 OK in 11ms (Views: 4.1ms | ActiveRecord: 2.4ms)


Started GET "/ponies" for ::1 at 2016-12-14 13:28:20 -0600
Processing by PoniesController#index as HTML
  Rendering ponies/index.html.erb within layouts/application
  [1m[36mPony Load (0.1ms)[0m  [1m[34mSELECT "ponies".* FROM "ponies"[0m
  Rendered ponies/index.html.erb within layouts/application (1.7ms)
Completed 200 OK in 30ms (Views: 25.9ms | ActiveRecord: 0.1ms)


Started DELETE "/ponies/5" for ::1 at 2016-12-14 13:29:14 -0600
Processing by PoniesController#destroy as JS
  Parameters: {"id"=>"5"}
  [1m[36mPony Load (0.1ms)[0m  [1m[34mSELECT  "ponies".* FROM "ponies" WHERE "ponies"."id" = ? LIMIT ?[0m  [["id", 5], ["LIMIT", 1]]
  [1m[36mCACHE (0.0ms)[0m  [1m[34mSELECT  "ponies".* FROM "ponies" WHERE "ponies"."id" = ? LIMIT ?[0m  [["id", 5], ["LIMIT", 1]]
  [1m[35m (0.1ms)[0m  [1m[36mbegin transaction[0m
  [1m[35mSQL (0.5ms)[0m  [1m[31mDELETE FROM "ponies" WHERE "ponies"."id" = ?[0m  [["id", 5]]
  [1m[35m (1.9ms)[0m  [1m[36mcommit transaction[0m
  Rendering ponies/destroy.js.erb
  Rendered ponies/destroy.js.erb (0.4ms)
Completed 200 OK in 10ms (Views: 3.4ms | ActiveRecord: 2.7ms)


Started GET "/ponies" for ::1 at 2016-12-14 13:35:27 -0600
Processing by PoniesController#index as HTML
  Rendering ponies/index.html.erb within layouts/application
  [1m[36mPony Load (0.2ms)[0m  [1m[34mSELECT "ponies".* FROM "ponies"[0m
  Rendered ponies/index.html.erb within layouts/application (1.8ms)
Completed 200 OK in 30ms (Views: 26.1ms | ActiveRecord: 0.2ms)


Started GET "/ponies" for ::1 at 2016-12-14 13:35:39 -0600
Processing by PoniesController#index as HTML
  Rendering ponies/index.html.erb within layouts/application
  [1m[36mPony Load (0.3ms)[0m  [1m[34mSELECT "ponies".* FROM "ponies"[0m
  Rendered ponies/index.html.erb within layouts/application (2.4ms)
Completed 200 OK in 27ms (Views: 22.6ms | ActiveRecord: 0.5ms)


Started GET "/ponies/new" for ::1 at 2016-12-14 13:35:41 -0600
Processing by PoniesController#new as HTML
  Rendering ponies/new.html.erb within layouts/application
  Rendered ponies/_form.html.erb (8.0ms)
  Rendered ponies/new.html.erb within layouts/application (11.6ms)
Completed 200 OK in 62ms (Views: 54.9ms | ActiveRecord: 0.5ms)


Started POST "/ponies" for ::1 at 2016-12-14 13:35:52 -0600
Processing by PoniesController#create as JS
  Parameters: {"utf8"=>"✓", "pony"=>{"name"=>"pony", "profession"=>"pony"}, "commit"=>"Create Pony"}
  [1m[35m (0.1ms)[0m  [1m[36mbegin transaction[0m
  [1m[35mSQL (0.3ms)[0m  [1m[32mINSERT INTO "ponies" ("name", "profession", "created_at", "updated_at") VALUES (?, ?, ?, ?)[0m  [["name", "pony"], ["profession", "pony"], ["created_at", 2016-12-14 19:35:52 UTC], ["updated_at", 2016-12-14 19:35:52 UTC]]
  [1m[35m (1.7ms)[0m  [1m[36mcommit transaction[0m
Redirected to http://localhost:3000/ponies/6
Completed 200 OK in 6ms (ActiveRecord: 2.0ms)


Started GET "/ponies/6" for ::1 at 2016-12-14 13:35:52 -0600
Processing by PoniesController#show as HTML
  Parameters: {"id"=>"6"}
  [1m[36mPony Load (0.2ms)[0m  [1m[34mSELECT  "ponies".* FROM "ponies" WHERE "ponies"."id" = ? LIMIT ?[0m  [["id", 6], ["LIMIT", 1]]
  Rendering ponies/show.html.erb within layouts/application
  Rendered ponies/show.html.erb within layouts/application (1.2ms)
Completed 200 OK in 50ms (Views: 45.7ms | ActiveRecord: 0.2ms)


Started GET "/ponies" for ::1 at 2016-12-14 13:35:57 -0600
Processing by PoniesController#index as HTML
  Rendering ponies/index.html.erb within layouts/application
  [1m[36mPony Load (0.2ms)[0m  [1m[34mSELECT "ponies".* FROM "ponies"[0m
  Rendered ponies/index.html.erb within layouts/application (2.3ms)
Completed 200 OK in 45ms (Views: 42.1ms | ActiveRecord: 0.2ms)


Started GET "/ponies/new" for ::1 at 2016-12-14 13:37:52 -0600
Processing by PoniesController#new as HTML
  Rendering ponies/new.html.erb within layouts/application
  Rendered ponies/_form.html.erb (5.6ms)
  Rendered ponies/new.html.erb within layouts/application (9.0ms)
Completed 200 OK in 60ms (Views: 57.3ms | ActiveRecord: 0.0ms)


Started GET "/ponies/new" for ::1 at 2016-12-14 13:38:20 -0600
Processing by PoniesController#new as HTML
  Rendering ponies/new.html.erb within layouts/application
  Rendered ponies/_form.html.erb (1.8ms)
  Rendered ponies/new.html.erb within layouts/application (3.5ms)
Completed 200 OK in 24ms (Views: 21.5ms | ActiveRecord: 0.0ms)


Started GET "/ponies" for ::1 at 2016-12-14 13:38:24 -0600
Processing by PoniesController#index as HTML
  Rendering ponies/index.html.erb within layouts/application
  [1m[36mPony Load (0.2ms)[0m  [1m[34mSELECT "ponies".* FROM "ponies"[0m
  Rendered ponies/index.html.erb within layouts/application (3.4ms)
Completed 200 OK in 64ms (Views: 61.0ms | ActiveRecord: 0.2ms)


Started GET "/ponies/new" for ::1 at 2016-12-14 13:38:26 -0600
Processing by PoniesController#new as HTML
  Rendering ponies/new.html.erb within layouts/application
  Rendered ponies/_form.html.erb (3.4ms)
  Rendered ponies/new.html.erb within layouts/application (6.9ms)
Completed 200 OK in 61ms (Views: 58.4ms | ActiveRecord: 0.0ms)


Started GET "/ponies" for ::1 at 2016-12-14 13:38:35 -0600
Processing by PoniesController#index as HTML
  Rendering ponies/index.html.erb within layouts/application
  [1m[36mPony Load (0.3ms)[0m  [1m[34mSELECT "ponies".* FROM "ponies"[0m
  Rendered ponies/index.html.erb within layouts/application (7.4ms)
Completed 200 OK in 36ms (Views: 28.2ms | ActiveRecord: 1.1ms)


Started GET "/ponies/new" for ::1 at 2016-12-14 13:38:36 -0600
Processing by PoniesController#new as HTML
  Rendering ponies/new.html.erb within layouts/application
  Rendered ponies/_form.html.erb (6.8ms)
  [1m[36mPony Load (0.3ms)[0m  [1m[34mSELECT "ponies".* FROM "ponies"[0m
  Rendered ponies/new.html.erb within layouts/application (11.6ms)
Completed 200 OK in 70ms (Views: 66.3ms | ActiveRecord: 0.3ms)


Started POST "/ponies" for ::1 at 2016-12-14 13:40:21 -0600
Processing by PoniesController#create as JS
  Parameters: {"utf8"=>"✓", "pony"=>{"name"=>"Nuevo ", "profession"=>"con ajax"}, "commit"=>"Create Pony"}
  [1m[35m (0.1ms)[0m  [1m[36mbegin transaction[0m
  [1m[35mSQL (0.3ms)[0m  [1m[32mINSERT INTO "ponies" ("name", "profession", "created_at", "updated_at") VALUES (?, ?, ?, ?)[0m  [["name", "Nuevo "], ["profession", "con ajax"], ["created_at", 2016-12-14 19:40:21 UTC], ["updated_at", 2016-12-14 19:40:21 UTC]]
  [1m[35m (1.5ms)[0m  [1m[36mcommit transaction[0m
Redirected to http://localhost:3000/ponies/7
Completed 200 OK in 6ms (ActiveRecord: 1.8ms)


Started GET "/ponies/7" for ::1 at 2016-12-14 13:40:21 -0600
Processing by PoniesController#show as HTML
  Parameters: {"id"=>"7"}
  [1m[36mPony Load (0.3ms)[0m  [1m[34mSELECT  "ponies".* FROM "ponies" WHERE "ponies"."id" = ? LIMIT ?[0m  [["id", 7], ["LIMIT", 1]]
  Rendering ponies/show.html.erb within layouts/application
  Rendered ponies/show.html.erb within layouts/application (1.1ms)
Completed 200 OK in 57ms (Views: 51.0ms | ActiveRecord: 0.3ms)


Started GET "/ponies" for ::1 at 2016-12-14 13:40:55 -0600
Processing by PoniesController#index as HTML
  Rendering ponies/index.html.erb within layouts/application
  [1m[36mPony Load (0.2ms)[0m  [1m[34mSELECT "ponies".* FROM "ponies"[0m
  Rendered ponies/index.html.erb within layouts/application (6.2ms)
Completed 200 OK in 49ms (Views: 45.7ms | ActiveRecord: 0.2ms)


Started GET "/ponies/new" for ::1 at 2016-12-14 13:40:58 -0600
Processing by PoniesController#new as HTML
  Rendering ponies/new.html.erb within layouts/application
  Rendered ponies/_form.html.erb (7.3ms)
  [1m[36mPony Load (0.3ms)[0m  [1m[34mSELECT "ponies".* FROM "ponies"[0m
  Rendered ponies/new.html.erb within layouts/application (13.7ms)
Completed 200 OK in 79ms (Views: 75.2ms | ActiveRecord: 0.3ms)


Started POST "/ponies" for ::1 at 2016-12-14 13:41:00 -0600
Processing by PoniesController#create as JS
  Parameters: {"utf8"=>"✓", "pony"=>{"name"=>"", "profession"=>""}, "commit"=>"Create Pony"}
  [1m[35m (0.1ms)[0m  [1m[36mbegin transaction[0m
  [1m[35mSQL (0.6ms)[0m  [1m[32mINSERT INTO "ponies" ("name", "profession", "created_at", "updated_at") VALUES (?, ?, ?, ?)[0m  [["name", ""], ["profession", ""], ["created_at", 2016-12-14 19:41:00 UTC], ["updated_at", 2016-12-14 19:41:00 UTC]]
  [1m[35m (1.7ms)[0m  [1m[36mcommit transaction[0m
Redirected to http://localhost:3000/ponies/8
Completed 200 OK in 7ms (ActiveRecord: 2.3ms)


Started GET "/ponies/8" for ::1 at 2016-12-14 13:41:00 -0600
Processing by PoniesController#show as HTML
  Parameters: {"id"=>"8"}
  [1m[36mPony Load (0.2ms)[0m  [1m[34mSELECT  "ponies".* FROM "ponies" WHERE "ponies"."id" = ? LIMIT ?[0m  [["id", 8], ["LIMIT", 1]]
  Rendering ponies/show.html.erb within layouts/application
  Rendered ponies/show.html.erb within layouts/application (1.2ms)
Completed 200 OK in 46ms (Views: 43.1ms | ActiveRecord: 0.2ms)


Started GET "/ponies/8/edit" for ::1 at 2016-12-14 13:41:02 -0600
Processing by PoniesController#edit as HTML
  Parameters: {"id"=>"8"}
  [1m[36mPony Load (0.1ms)[0m  [1m[34mSELECT  "ponies".* FROM "ponies" WHERE "ponies"."id" = ? LIMIT ?[0m  [["id", 8], ["LIMIT", 1]]
  Rendering ponies/edit.html.erb within layouts/application
  Rendered ponies/_form.html.erb (3.4ms)
  Rendered ponies/edit.html.erb within layouts/application (6.0ms)
Completed 200 OK in 48ms (Views: 44.9ms | ActiveRecord: 0.1ms)


Started GET "/ponies" for ::1 at 2016-12-14 13:41:05 -0600
Processing by PoniesController#index as HTML
  Rendering ponies/index.html.erb within layouts/application
  [1m[36mPony Load (0.2ms)[0m  [1m[34mSELECT "ponies".* FROM "ponies"[0m
  Rendered ponies/index.html.erb within layouts/application (3.4ms)
Completed 200 OK in 51ms (Views: 48.0ms | ActiveRecord: 0.2ms)


Started DELETE "/ponies/8" for ::1 at 2016-12-14 13:41:09 -0600
Processing by PoniesController#destroy as JS
  Parameters: {"id"=>"8"}
  [1m[36mPony Load (0.1ms)[0m  [1m[34mSELECT  "ponies".* FROM "ponies" WHERE "ponies"."id" = ? LIMIT ?[0m  [["id", 8], ["LIMIT", 1]]
  [1m[35m (0.1ms)[0m  [1m[36mbegin transaction[0m
  [1m[35mSQL (0.4ms)[0m  [1m[31mDELETE FROM "ponies" WHERE "ponies"."id" = ?[0m  [["id", 8]]
  [1m[35m (1.9ms)[0m  [1m[36mcommit transaction[0m
  Rendering ponies/destroy.js.erb
  Rendered ponies/destroy.js.erb (0.8ms)
Completed 200 OK in 12ms (Views: 4.5ms | ActiveRecord: 2.4ms)


Started GET "/ponies/new" for ::1 at 2016-12-14 13:41:15 -0600
Processing by PoniesController#new as HTML
  Rendering ponies/new.html.erb within layouts/application
  Rendered ponies/_form.html.erb (3.4ms)
  [1m[36mPony Load (1.0ms)[0m  [1m[34mSELECT "ponies".* FROM "ponies"[0m
  Rendered ponies/new.html.erb within layouts/application (10.4ms)
Completed 200 OK in 67ms (Views: 62.6ms | ActiveRecord: 1.0ms)


Started POST "/ponies" for ::1 at 2016-12-14 13:43:08 -0600
Processing by PoniesController#create as JS
  Parameters: {"utf8"=>"✓", "pony"=>{"name"=>"dvdfv", "profession"=>"dfvdfv"}, "commit"=>"Create Pony"}
  [1m[35m (0.1ms)[0m  [1m[36mbegin transaction[0m
  [1m[35mSQL (0.3ms)[0m  [1m[32mINSERT INTO "ponies" ("name", "profession", "created_at", "updated_at") VALUES (?, ?, ?, ?)[0m  [["name", "dvdfv"], ["profession", "dfvdfv"], ["created_at", 2016-12-14 19:43:08 UTC], ["updated_at", 2016-12-14 19:43:08 UTC]]
  [1m[35m (1.4ms)[0m  [1m[36mcommit transaction[0m
Redirected to http://localhost:3000/ponies/9
Completed 200 OK in 5ms (ActiveRecord: 1.8ms)


Started GET "/ponies/9" for ::1 at 2016-12-14 13:43:08 -0600
Processing by PoniesController#show as HTML
  Parameters: {"id"=>"9"}
  [1m[36mPony Load (0.1ms)[0m  [1m[34mSELECT  "ponies".* FROM "ponies" WHERE "ponies"."id" = ? LIMIT ?[0m  [["id", 9], ["LIMIT", 1]]
  Rendering ponies/show.html.erb within layouts/application
  Rendered ponies/show.html.erb within layouts/application (1.4ms)
Completed 200 OK in 47ms (Views: 44.7ms | ActiveRecord: 0.1ms)


Started GET "/ponies/9" for ::1 at 2016-12-14 13:43:49 -0600
Processing by PoniesController#show as HTML
  Parameters: {"id"=>"9"}
  [1m[36mPony Load (0.2ms)[0m  [1m[34mSELECT  "ponies".* FROM "ponies" WHERE "ponies"."id" = ? LIMIT ?[0m  [["id", 9], ["LIMIT", 1]]
  Rendering ponies/show.html.erb within layouts/application
  Rendered ponies/show.html.erb within layouts/application (0.9ms)
Completed 200 OK in 33ms (Views: 22.7ms | ActiveRecord: 0.9ms)


Started GET "/ponies" for ::1 at 2016-12-14 13:43:53 -0600
Processing by PoniesController#index as HTML
  Rendering ponies/index.html.erb within layouts/application
  [1m[36mPony Load (0.2ms)[0m  [1m[34mSELECT "ponies".* FROM "ponies"[0m
  Rendered ponies/index.html.erb within layouts/application (3.8ms)
Completed 200 OK in 39ms (Views: 36.3ms | ActiveRecord: 0.2ms)


Started GET "/ponies/new" for ::1 at 2016-12-14 13:43:55 -0600
Processing by PoniesController#new as HTML
  Rendering ponies/new.html.erb within layouts/application
  Rendered ponies/_form.html.erb (3.4ms)
  [1m[36mPony Load (0.3ms)[0m  [1m[34mSELECT "ponies".* FROM "ponies"[0m
  Rendered ponies/new.html.erb within layouts/application (12.5ms)
Completed 200 OK in 49ms (Views: 46.4ms | ActiveRecord: 0.3ms)


Started POST "/ponies" for ::1 at 2016-12-14 13:43:58 -0600
Processing by PoniesController#create as JS
  Parameters: {"utf8"=>"✓", "pony"=>{"name"=>"dscdscds", "profession"=>"sdcds"}, "commit"=>"Create Pony"}
  [1m[35m (0.1ms)[0m  [1m[36mbegin transaction[0m
  [1m[35mSQL (0.3ms)[0m  [1m[32mINSERT INTO "ponies" ("name", "profession", "created_at", "updated_at") VALUES (?, ?, ?, ?)[0m  [["name", "dscdscds"], ["profession", "sdcds"], ["created_at", 2016-12-14 19:43:58 UTC], ["updated_at", 2016-12-14 19:43:58 UTC]]
  [1m[35m (1.5ms)[0m  [1m[36mcommit transaction[0m
Redirected to http://localhost:3000/ponies/10
Completed 200 OK in 5ms (ActiveRecord: 1.9ms)


Started GET "/ponies/10" for ::1 at 2016-12-14 13:43:58 -0600
Processing by PoniesController#show as HTML
  Parameters: {"id"=>"10"}
  [1m[36mPony Load (0.1ms)[0m  [1m[34mSELECT  "ponies".* FROM "ponies" WHERE "ponies"."id" = ? LIMIT ?[0m  [["id", 10], ["LIMIT", 1]]
  Rendering ponies/show.html.erb within layouts/application
  Rendered ponies/show.html.erb within layouts/application (1.2ms)
Completed 200 OK in 46ms (Views: 42.7ms | ActiveRecord: 0.1ms)


Started GET "/ponies" for ::1 at 2016-12-14 13:51:01 -0600
Processing by PoniesController#index as HTML
  Rendering ponies/index.html.erb within layouts/application
  [1m[36mPony Load (0.4ms)[0m  [1m[34mSELECT "ponies".* FROM "ponies"[0m
  Rendered ponies/index.html.erb within layouts/application (8.4ms)
Completed 200 OK in 75ms (Views: 43.0ms | ActiveRecord: 0.9ms)


Started GET "/ponies/new" for ::1 at 2016-12-14 13:51:02 -0600
Processing by PoniesController#new as HTML
  Rendering ponies/new.html.erb within layouts/application
  Rendered ponies/_form.html.erb (3.8ms)
  [1m[36mPony Load (0.3ms)[0m  [1m[34mSELECT "ponies".* FROM "ponies"[0m
  Rendered ponies/new.html.erb within layouts/application (11.6ms)
Completed 200 OK in 67ms (Views: 63.0ms | ActiveRecord: 0.3ms)


Started POST "/ponies" for ::1 at 2016-12-14 13:51:07 -0600
Processing by PoniesController#create as JS
  Parameters: {"utf8"=>"✓", "pony"=>{"name"=>"sfsdfdf", "profession"=>"dfgdfsgfd"}, "commit"=>"Create Pony"}
  [1m[35m (0.1ms)[0m  [1m[36mbegin transaction[0m
  [1m[35mSQL (0.3ms)[0m  [1m[32mINSERT INTO "ponies" ("name", "profession", "created_at", "updated_at") VALUES (?, ?, ?, ?)[0m  [["name", "sfsdfdf"], ["profession", "dfgdfsgfd"], ["created_at", 2016-12-14 19:51:07 UTC], ["updated_at", 2016-12-14 19:51:07 UTC]]
  [1m[35m (1.4ms)[0m  [1m[36mcommit transaction[0m
Completed 500 Internal Server Error in 92ms (ActiveRecord: 1.8ms)


  
NameError (undefined local variable or method `new_pony' for #<PoniesController:0x007f8a109a5028>
Did you mean?  new_pony_url):
  
app/controllers/ponies_controller.rb:32:in `block (2 levels) in create'
app/controllers/ponies_controller.rb:30:in `create'
  Rendering /Users/MAXOLAC/.rbenv/versions/2.3.1/lib/ruby/gems/2.3.0/gems/actionpack-5.0.0.1/lib/action_dispatch/middleware/templates/rescues/diagnostics.text.erb
  Rendering /Users/MAXOLAC/.rbenv/versions/2.3.1/lib/ruby/gems/2.3.0/gems/actionpack-5.0.0.1/lib/action_dispatch/middleware/templates/rescues/_source.text.erb
  Rendered /Users/MAXOLAC/.rbenv/versions/2.3.1/lib/ruby/gems/2.3.0/gems/actionpack-5.0.0.1/lib/action_dispatch/middleware/templates/rescues/_source.text.erb (0.7ms)
  Rendering /Users/MAXOLAC/.rbenv/versions/2.3.1/lib/ruby/gems/2.3.0/gems/actionpack-5.0.0.1/lib/action_dispatch/middleware/templates/rescues/_trace.text.erb
  Rendered /Users/MAXOLAC/.rbenv/versions/2.3.1/lib/ruby/gems/2.3.0/gems/actionpack-5.0.0.1/lib/action_dispatch/middleware/templates/rescues/_trace.text.erb (0.7ms)
  Rendering /Users/MAXOLAC/.rbenv/versions/2.3.1/lib/ruby/gems/2.3.0/gems/actionpack-5.0.0.1/lib/action_dispatch/middleware/templates/rescues/_request_and_response.text.erb
  Rendered /Users/MAXOLAC/.rbenv/versions/2.3.1/lib/ruby/gems/2.3.0/gems/actionpack-5.0.0.1/lib/action_dispatch/middleware/templates/rescues/_request_and_response.text.erb (1.0ms)
  Rendered /Users/MAXOLAC/.rbenv/versions/2.3.1/lib/ruby/gems/2.3.0/gems/actionpack-5.0.0.1/lib/action_dispatch/middleware/templates/rescues/diagnostics.text.erb (126.2ms)
Started GET "/ponies/new" for ::1 at 2016-12-14 13:51:48 -0600
Processing by PoniesController#new as HTML
  Rendering ponies/new.html.erb within layouts/application
  Rendered ponies/_form.html.erb (3.3ms)
  [1m[36mPony Load (0.3ms)[0m  [1m[34mSELECT "ponies".* FROM "ponies"[0m
  Rendered ponies/new.html.erb within layouts/application (13.9ms)
Completed 200 OK in 62ms (Views: 50.8ms | ActiveRecord: 1.0ms)


Started POST "/ponies" for ::1 at 2016-12-14 13:51:58 -0600
Processing by PoniesController#create as JS
  Parameters: {"utf8"=>"✓", "pony"=>{"name"=>"ajax", "profession"=>"ajax"}, "commit"=>"Create Pony"}
  [1m[35m (0.1ms)[0m  [1m[36mbegin transaction[0m
  [1m[35mSQL (0.5ms)[0m  [1m[32mINSERT INTO "ponies" ("name", "profession", "created_at", "updated_at") VALUES (?, ?, ?, ?)[0m  [["name", "ajax"], ["profession", "ajax"], ["created_at", 2016-12-14 19:51:58 UTC], ["updated_at", 2016-12-14 19:51:58 UTC]]
  [1m[35m (1.3ms)[0m  [1m[36mcommit transaction[0m
Redirected to http://localhost:3000/ponies/new
Completed 200 OK in 7ms (ActiveRecord: 1.9ms)


Started GET "/ponies/new" for ::1 at 2016-12-14 13:51:58 -0600
Processing by PoniesController#new as HTML
  Rendering ponies/new.html.erb within layouts/application
  Rendered ponies/_form.html.erb (5.1ms)
  [1m[36mPony Load (0.5ms)[0m  [1m[34mSELECT "ponies".* FROM "ponies"[0m
  Rendered ponies/new.html.erb within layouts/application (13.7ms)
Completed 200 OK in 72ms (Views: 67.3ms | ActiveRecord: 0.5ms)


Started POST "/ponies" for ::1 at 2016-12-14 13:52:03 -0600
Processing by PoniesController#create as JS
  Parameters: {"utf8"=>"✓", "pony"=>{"name"=>"asdad", "profession"=>"asdas"}, "commit"=>"Create Pony"}
  [1m[35m (0.1ms)[0m  [1m[36mbegin transaction[0m
  [1m[35mSQL (0.3ms)[0m  [1m[32mINSERT INTO "ponies" ("name", "profession", "created_at", "updated_at") VALUES (?, ?, ?, ?)[0m  [["name", "asdad"], ["profession", "asdas"], ["created_at", 2016-12-14 19:52:03 UTC], ["updated_at", 2016-12-14 19:52:03 UTC]]
  [1m[35m (2.7ms)[0m  [1m[36mcommit transaction[0m
Redirected to http://localhost:3000/ponies/new
Completed 200 OK in 7ms (ActiveRecord: 3.1ms)


Started GET "/ponies/new" for ::1 at 2016-12-14 13:52:03 -0600
Processing by PoniesController#new as HTML
  Rendering ponies/new.html.erb within layouts/application
  Rendered ponies/_form.html.erb (13.0ms)
  [1m[36mPony Load (0.2ms)[0m  [1m[34mSELECT "ponies".* FROM "ponies"[0m
  Rendered ponies/new.html.erb within layouts/application (41.1ms)
Completed 200 OK in 66ms (Views: 61.9ms | ActiveRecord: 0.2ms)


Started GET "/ponies/new" for ::1 at 2016-12-14 13:52:42 -0600
Processing by PoniesController#new as HTML
  Rendering ponies/new.html.erb within layouts/application
  Rendered ponies/_form.html.erb (2.8ms)
  [1m[36mPony Load (0.2ms)[0m  [1m[34mSELECT "ponies".* FROM "ponies"[0m
  Rendered ponies/new.html.erb within layouts/application (8.6ms)
Completed 200 OK in 49ms (Views: 46.2ms | ActiveRecord: 0.2ms)


Started GET "/ponies/new" for ::1 at 2016-12-14 13:52:45 -0600
Processing by PoniesController#new as HTML
  Rendering ponies/new.html.erb within layouts/application
  Rendered ponies/_form.html.erb (2.6ms)
  [1m[36mPony Load (0.2ms)[0m  [1m[34mSELECT "ponies".* FROM "ponies"[0m
  Rendered ponies/new.html.erb within layouts/application (7.9ms)
Completed 200 OK in 40ms (Views: 38.0ms | ActiveRecord: 0.2ms)


Started DELETE "/ponies/13" for ::1 at 2016-12-14 13:52:53 -0600
Processing by PoniesController#destroy as JS
  Parameters: {"id"=>"13"}
  [1m[36mPony Load (0.2ms)[0m  [1m[34mSELECT  "ponies".* FROM "ponies" WHERE "ponies"."id" = ? LIMIT ?[0m  [["id", 13], ["LIMIT", 1]]
  [1m[35m (0.1ms)[0m  [1m[36mbegin transaction[0m
  [1m[35mSQL (0.4ms)[0m  [1m[31mDELETE FROM "ponies" WHERE "ponies"."id" = ?[0m  [["id", 13]]
  [1m[35m (1.6ms)[0m  [1m[36mcommit transaction[0m
  Rendering ponies/destroy.js.erb
  Rendered ponies/destroy.js.erb (1.2ms)
Completed 200 OK in 14ms (Views: 5.6ms | ActiveRecord: 2.4ms)


Started DELETE "/ponies/10" for ::1 at 2016-12-14 13:53:10 -0600
Processing by PoniesController#destroy as JS
  Parameters: {"id"=>"10"}
  [1m[36mPony Load (0.3ms)[0m  [1m[34mSELECT  "ponies".* FROM "ponies" WHERE "ponies"."id" = ? LIMIT ?[0m  [["id", 10], ["LIMIT", 1]]
  [1m[35m (0.1ms)[0m  [1m[36mbegin transaction[0m
  [1m[35mSQL (0.4ms)[0m  [1m[31mDELETE FROM "ponies" WHERE "ponies"."id" = ?[0m  [["id", 10]]
  [1m[35m (2.0ms)[0m  [1m[36mcommit transaction[0m
  Rendering ponies/destroy.js.erb
  Rendered ponies/destroy.js.erb (1.4ms)
Completed 200 OK in 13ms (Views: 5.3ms | ActiveRecord: 2.8ms)


Started DELETE "/ponies/9" for ::1 at 2016-12-14 13:53:24 -0600
Processing by PoniesController#destroy as JS
  Parameters: {"id"=>"9"}
  [1m[36mPony Load (0.2ms)[0m  [1m[34mSELECT  "ponies".* FROM "ponies" WHERE "ponies"."id" = ? LIMIT ?[0m  [["id", 9], ["LIMIT", 1]]
  [1m[35m (0.1ms)[0m  [1m[36mbegin transaction[0m
  [1m[35mSQL (0.4ms)[0m  [1m[31mDELETE FROM "ponies" WHERE "ponies"."id" = ?[0m  [["id", 9]]
  [1m[35m (1.6ms)[0m  [1m[36mcommit transaction[0m
  Rendering ponies/destroy.js.erb
  Rendered ponies/destroy.js.erb (0.6ms)
Completed 200 OK in 11ms (Views: 4.4ms | ActiveRecord: 2.3ms)


Started GET "/ponies/new" for ::1 at 2016-12-14 13:53:28 -0600
Processing by PoniesController#new as HTML
  Rendering ponies/new.html.erb within layouts/application
  Rendered ponies/_form.html.erb (2.2ms)
  [1m[36mPony Load (0.2ms)[0m  [1m[34mSELECT "ponies".* FROM "ponies"[0m
  Rendered ponies/new.html.erb within layouts/application (6.3ms)
Completed 200 OK in 37ms (Views: 34.1ms | ActiveRecord: 0.2ms)


Started DELETE "/ponies/11" for ::1 at 2016-12-14 13:53:33 -0600
Processing by PoniesController#destroy as JS
  Parameters: {"id"=>"11"}
  [1m[36mPony Load (0.1ms)[0m  [1m[34mSELECT  "ponies".* FROM "ponies" WHERE "ponies"."id" = ? LIMIT ?[0m  [["id", 11], ["LIMIT", 1]]
  [1m[35m (0.1ms)[0m  [1m[36mbegin transaction[0m
  [1m[35mSQL (0.2ms)[0m  [1m[31mDELETE FROM "ponies" WHERE "ponies"."id" = ?[0m  [["id", 11]]
  [1m[35m (1.4ms)[0m  [1m[36mcommit transaction[0m
  Rendering ponies/destroy.js.erb
  Rendered ponies/destroy.js.erb (0.7ms)
Completed 200 OK in 10ms (Views: 5.0ms | ActiveRecord: 1.8ms)


Started POST "/ponies" for ::1 at 2016-12-14 13:53:40 -0600
Processing by PoniesController#create as JS
  Parameters: {"utf8"=>"✓", "pony"=>{"name"=>"afsdfds", "profession"=>"sdfsdgdf"}, "commit"=>"Create Pony"}
  [1m[35m (0.1ms)[0m  [1m[36mbegin transaction[0m
  [1m[35mSQL (0.3ms)[0m  [1m[32mINSERT INTO "ponies" ("name", "profession", "created_at", "updated_at") VALUES (?, ?, ?, ?)[0m  [["name", "afsdfds"], ["profession", "sdfsdgdf"], ["created_at", 2016-12-14 19:53:40 UTC], ["updated_at", 2016-12-14 19:53:40 UTC]]
  [1m[35m (1.2ms)[0m  [1m[36mcommit transaction[0m
Redirected to http://localhost:3000/ponies/new
Completed 200 OK in 5ms (ActiveRecord: 1.6ms)


Started GET "/ponies/new" for ::1 at 2016-12-14 13:53:40 -0600
Processing by PoniesController#new as HTML
  Rendering ponies/new.html.erb within layouts/application
  Rendered ponies/_form.html.erb (16.5ms)
  [1m[36mPony Load (0.3ms)[0m  [1m[34mSELECT "ponies".* FROM "ponies"[0m
  Rendered ponies/new.html.erb within layouts/application (27.7ms)
Completed 200 OK in 100ms (Views: 95.5ms | ActiveRecord: 0.3ms)


Started POST "/ponies" for ::1 at 2016-12-14 13:54:41 -0600
Processing by PoniesController#create as JS
  Parameters: {"utf8"=>"✓", "pony"=>{"name"=>"sdfsadf", "profession"=>"sdfsdgd"}, "commit"=>"Create Pony"}
  [1m[35m (0.1ms)[0m  [1m[36mbegin transaction[0m
  [1m[35mSQL (0.3ms)[0m  [1m[32mINSERT INTO "ponies" ("name", "profession", "created_at", "updated_at") VALUES (?, ?, ?, ?)[0m  [["name", "sdfsadf"], ["profession", "sdfsdgd"], ["created_at", 2016-12-14 19:54:41 UTC], ["updated_at", 2016-12-14 19:54:41 UTC]]
  [1m[35m (1.3ms)[0m  [1m[36mcommit transaction[0m
Redirected to http://localhost:3000/ponies/new
Completed 200 OK in 5ms (ActiveRecord: 1.7ms)


Started GET "/ponies/new" for ::1 at 2016-12-14 13:54:41 -0600
Processing by PoniesController#new as HTML
  Rendering ponies/new.html.erb within layouts/application
  Rendered ponies/_form.html.erb (14.0ms)
  [1m[36mPony Load (0.3ms)[0m  [1m[34mSELECT "ponies".* FROM "ponies"[0m
  Rendered ponies/new.html.erb within layouts/application (21.8ms)
Completed 200 OK in 84ms (Views: 79.4ms | ActiveRecord: 0.3ms)


Started POST "/ponies" for ::1 at 2016-12-14 13:54:51 -0600
Processing by PoniesController#create as JS
  Parameters: {"utf8"=>"✓", "pony"=>{"name"=>"este", "profession"=>"este"}, "commit"=>"Create Pony"}
  [1m[35m (0.1ms)[0m  [1m[36mbegin transaction[0m
  [1m[35mSQL (0.3ms)[0m  [1m[32mINSERT INTO "ponies" ("name", "profession", "created_at", "updated_at") VALUES (?, ?, ?, ?)[0m  [["name", "este"], ["profession", "este"], ["created_at", 2016-12-14 19:54:51 UTC], ["updated_at", 2016-12-14 19:54:51 UTC]]
  [1m[35m (1.6ms)[0m  [1m[36mcommit transaction[0m
Redirected to http://localhost:3000/ponies/new
Completed 200 OK in 5ms (ActiveRecord: 2.0ms)


Started GET "/ponies/new" for ::1 at 2016-12-14 13:54:51 -0600
Processing by PoniesController#new as HTML
  Rendering ponies/new.html.erb within layouts/application
  Rendered ponies/_form.html.erb (6.5ms)
  [1m[36mPony Load (0.3ms)[0m  [1m[34mSELECT "ponies".* FROM "ponies"[0m
  Rendered ponies/new.html.erb within layouts/application (25.9ms)
Completed 200 OK in 77ms (Views: 72.7ms | ActiveRecord: 0.3ms)


Started POST "/ponies" for ::1 at 2016-12-14 14:00:36 -0600
Processing by PoniesController#create as JS
  Parameters: {"utf8"=>"✓", "pony"=>{"name"=>"dsfsdf", "profession"=>"fsdfsdf"}, "commit"=>"Create Pony"}
  [1m[35m (0.1ms)[0m  [1m[36mbegin transaction[0m
  [1m[35mSQL (0.5ms)[0m  [1m[32mINSERT INTO "ponies" ("name", "profession", "created_at", "updated_at") VALUES (?, ?, ?, ?)[0m  [["name", "dsfsdf"], ["profession", "fsdfsdf"], ["created_at", 2016-12-14 20:00:36 UTC], ["updated_at", 2016-12-14 20:00:36 UTC]]
  [1m[35m (1.5ms)[0m  [1m[36mcommit transaction[0m
Redirected to http://localhost:3000/ponies/new
Completed 200 OK in 6ms (ActiveRecord: 2.2ms)


Started GET "/ponies/new" for ::1 at 2016-12-14 14:00:36 -0600
Processing by PoniesController#new as HTML
  Rendering ponies/new.html.erb within layouts/application
  Rendered ponies/_form.html.erb (5.5ms)
  [1m[36mPony Load (5.7ms)[0m  [1m[34mSELECT "ponies".* FROM "ponies"[0m
  Rendered ponies/new.html.erb within layouts/application (35.3ms)
Completed 200 OK in 75ms (Views: 66.3ms | ActiveRecord: 5.7ms)


Started POST "/ponies" for ::1 at 2016-12-14 14:00:47 -0600
Processing by PoniesController#create as JS
  Parameters: {"utf8"=>"✓", "pony"=>{"name"=>"sfvdvd", "profession"=>"sdvdfvdfv"}, "commit"=>"Create Pony"}
  [1m[35m (0.1ms)[0m  [1m[36mbegin transaction[0m
  [1m[35mSQL (1.2ms)[0m  [1m[32mINSERT INTO "ponies" ("name", "profession", "created_at", "updated_at") VALUES (?, ?, ?, ?)[0m  [["name", "sfvdvd"], ["profession", "sdvdfvdfv"], ["created_at", 2016-12-14 20:00:47 UTC], ["updated_at", 2016-12-14 20:00:47 UTC]]
  [1m[35m (1.4ms)[0m  [1m[36mcommit transaction[0m
Redirected to http://localhost:3000/ponies/new
Completed 200 OK in 6ms (ActiveRecord: 2.7ms)


Started GET "/ponies/new" for ::1 at 2016-12-14 14:00:47 -0600
Processing by PoniesController#new as HTML
  Rendering ponies/new.html.erb within layouts/application
  Rendered ponies/_form.html.erb (3.7ms)
  [1m[36mPony Load (0.3ms)[0m  [1m[34mSELECT "ponies".* FROM "ponies"[0m
  Rendered ponies/new.html.erb within layouts/application (20.1ms)
Completed 200 OK in 70ms (Views: 66.2ms | ActiveRecord: 0.3ms)


Started GET "/ponies/new" for ::1 at 2016-12-14 14:00:56 -0600
Processing by PoniesController#new as HTML
  Rendering ponies/new.html.erb within layouts/application
  Rendered ponies/_form.html.erb (1.9ms)
  [1m[36mPony Load (0.2ms)[0m  [1m[34mSELECT "ponies".* FROM "ponies"[0m
  Rendered ponies/new.html.erb within layouts/application (6.3ms)
Completed 200 OK in 30ms (Views: 26.8ms | ActiveRecord: 0.2ms)


Started DELETE "/ponies/6" for ::1 at 2016-12-14 14:01:01 -0600
Processing by PoniesController#destroy as JS
  Parameters: {"id"=>"6"}
  [1m[36mPony Load (0.2ms)[0m  [1m[34mSELECT  "ponies".* FROM "ponies" WHERE "ponies"."id" = ? LIMIT ?[0m  [["id", 6], ["LIMIT", 1]]
  [1m[35m (0.1ms)[0m  [1m[36mbegin transaction[0m
  [1m[35mSQL (0.4ms)[0m  [1m[31mDELETE FROM "ponies" WHERE "ponies"."id" = ?[0m  [["id", 6]]
  [1m[35m (1.6ms)[0m  [1m[36mcommit transaction[0m
  Rendering ponies/destroy.js.erb
  Rendered ponies/destroy.js.erb (1.4ms)
Completed 200 OK in 13ms (Views: 6.9ms | ActiveRecord: 2.2ms)


Started DELETE "/ponies/17" for ::1 at 2016-12-14 14:01:08 -0600
Processing by PoniesController#destroy as JS
  Parameters: {"id"=>"17"}
  [1m[36mPony Load (0.2ms)[0m  [1m[34mSELECT  "ponies".* FROM "ponies" WHERE "ponies"."id" = ? LIMIT ?[0m  [["id", 17], ["LIMIT", 1]]
  [1m[35m (0.1ms)[0m  [1m[36mbegin transaction[0m
  [1m[35mSQL (0.3ms)[0m  [1m[31mDELETE FROM "ponies" WHERE "ponies"."id" = ?[0m  [["id", 17]]
  [1m[35m (1.7ms)[0m  [1m[36mcommit transaction[0m
  Rendering ponies/destroy.js.erb
  Rendered ponies/destroy.js.erb (0.8ms)
Completed 200 OK in 11ms (Views: 4.6ms | ActiveRecord: 2.3ms)


Started DELETE "/ponies/18" for ::1 at 2016-12-14 14:01:17 -0600
Processing by PoniesController#destroy as JS
  Parameters: {"id"=>"18"}
  [1m[36mPony Load (0.2ms)[0m  [1m[34mSELECT  "ponies".* FROM "ponies" WHERE "ponies"."id" = ? LIMIT ?[0m  [["id", 18], ["LIMIT", 1]]
  [1m[35m (0.1ms)[0m  [1m[36mbegin transaction[0m
  [1m[35mSQL (1.1ms)[0m  [1m[31mDELETE FROM "ponies" WHERE "ponies"."id" = ?[0m  [["id", 18]]
  [1m[35m (1.5ms)[0m  [1m[36mcommit transaction[0m
  Rendering ponies/destroy.js.erb
  Rendered ponies/destroy.js.erb (0.5ms)
Completed 200 OK in 10ms (Views: 3.5ms | ActiveRecord: 2.9ms)


Started POST "/ponies" for ::1 at 2016-12-14 14:01:29 -0600
Processing by PoniesController#create as JS
  Parameters: {"utf8"=>"✓", "pony"=>{"name"=>"sdfsfsdfs", "profession"=>"dsfsdfsdf"}, "commit"=>"Create Pony"}
  [1m[35m (0.1ms)[0m  [1m[36mbegin transaction[0m
  [1m[35mSQL (0.3ms)[0m  [1m[32mINSERT INTO "ponies" ("name", "profession", "created_at", "updated_at") VALUES (?, ?, ?, ?)[0m  [["name", "sdfsfsdfs"], ["profession", "dsfsdfsdf"], ["created_at", 2016-12-14 20:01:29 UTC], ["updated_at", 2016-12-14 20:01:29 UTC]]
  [1m[35m (2.0ms)[0m  [1m[36mcommit transaction[0m
Redirected to http://localhost:3000/ponies/new
Completed 200 OK in 6ms (ActiveRecord: 2.4ms)


Started GET "/ponies/new" for ::1 at 2016-12-14 14:01:29 -0600
Processing by PoniesController#new as HTML
  Rendering ponies/new.html.erb within layouts/application
  Rendered ponies/_form.html.erb (12.2ms)
  [1m[36mPony Load (0.3ms)[0m  [1m[34mSELECT "ponies".* FROM "ponies"[0m
  Rendered ponies/new.html.erb within layouts/application (23.5ms)
Completed 200 OK in 68ms (Views: 63.3ms | ActiveRecord: 0.3ms)


Started POST "/ponies" for ::1 at 2016-12-14 14:01:58 -0600
Processing by PoniesController#create as JS
  Parameters: {"utf8"=>"✓", "pony"=>{"name"=>"asdas", "profession"=>"asdasd"}, "commit"=>"Create Pony"}
  [1m[35m (0.1ms)[0m  [1m[36mbegin transaction[0m
  [1m[35mSQL (0.6ms)[0m  [1m[32mINSERT INTO "ponies" ("name", "profession", "created_at", "updated_at") VALUES (?, ?, ?, ?)[0m  [["name", "asdas"], ["profession", "asdasd"], ["created_at", 2016-12-14 20:01:58 UTC], ["updated_at", 2016-12-14 20:01:58 UTC]]
  [1m[35m (1.3ms)[0m  [1m[36mcommit transaction[0m
Redirected to http://localhost:3000/ponies/new
Completed 200 OK in 12ms (ActiveRecord: 2.7ms)


Started GET "/ponies/new" for ::1 at 2016-12-14 14:01:58 -0600
Processing by PoniesController#new as HTML
  Rendering ponies/new.html.erb within layouts/application
  Rendered ponies/_form.html.erb (3.9ms)
  [1m[36mPony Load (0.3ms)[0m  [1m[34mSELECT "ponies".* FROM "ponies"[0m
  Rendered ponies/new.html.erb within layouts/application (15.5ms)
Completed 200 OK in 61ms (Views: 57.4ms | ActiveRecord: 0.3ms)


Started GET "/ponies/new" for ::1 at 2016-12-14 14:04:14 -0600
Processing by PoniesController#new as HTML
  Rendering ponies/new.html.erb within layouts/application
  Rendered ponies/_form.html.erb (5.3ms)
  [1m[36mPony Load (0.4ms)[0m  [1m[34mSELECT "ponies".* FROM "ponies"[0m
  Rendered ponies/new.html.erb within layouts/application (11.6ms)
Completed 200 OK in 45ms (Views: 35.8ms | ActiveRecord: 1.0ms)


Started GET "/ponies/new" for ::1 at 2016-12-14 14:19:28 -0600
Processing by PoniesController#new as HTML
  Rendering ponies/new.html.erb within layouts/application
  Rendered ponies/_form.html.erb (3.4ms)
  [1m[36mPony Load (0.3ms)[0m  [1m[34mSELECT "ponies".* FROM "ponies"[0m
  Rendered ponies/new.html.erb within layouts/application (10.4ms)
Completed 200 OK in 221ms (Views: 217.0ms | ActiveRecord: 0.3ms)


Started POST "/ponies" for ::1 at 2016-12-14 14:19:34 -0600
Processing by PoniesController#create as JS
  Parameters: {"utf8"=>"✓", "pony"=>{"name"=>"dsfsd", "profession"=>"sfdsdf"}, "commit"=>"Create Pony"}
  [1m[35m (0.1ms)[0m  [1m[36mbegin transaction[0m
  [1m[35mSQL (0.4ms)[0m  [1m[32mINSERT INTO "ponies" ("name", "profession", "created_at", "updated_at") VALUES (?, ?, ?, ?)[0m  [["name", "dsfsd"], ["profession", "sfdsdf"], ["created_at", 2016-12-14 20:19:34 UTC], ["updated_at", 2016-12-14 20:19:34 UTC]]
  [1m[35m (1.5ms)[0m  [1m[36mcommit transaction[0m
Redirected to http://localhost:3000/ponies/new
Completed 200 OK in 7ms (ActiveRecord: 2.1ms)


Started GET "/ponies/new" for ::1 at 2016-12-14 14:19:34 -0600
Processing by PoniesController#new as HTML
  Rendering ponies/new.html.erb within layouts/application
  Rendered ponies/_form.html.erb (9.5ms)
  [1m[36mPony Load (0.3ms)[0m  [1m[34mSELECT "ponies".* FROM "ponies"[0m
  Rendered ponies/new.html.erb within layouts/application (34.2ms)
Completed 200 OK in 66ms (Views: 62.4ms | ActiveRecord: 0.3ms)


Started GET "/ponies/new" for ::1 at 2016-12-14 14:23:18 -0600
Processing by PoniesController#new as HTML
  Rendering ponies/new.html.erb within layouts/application
  Rendered ponies/_form.html.erb (1.8ms)
  [1m[36mPony Load (0.2ms)[0m  [1m[34mSELECT "ponies".* FROM "ponies"[0m
  Rendered ponies/new.html.erb within layouts/application (6.5ms)
Completed 200 OK in 39ms (Views: 35.8ms | ActiveRecord: 0.2ms)


Started POST "/ponies" for ::1 at 2016-12-14 14:23:23 -0600
Processing by PoniesController#create as JS
  Parameters: {"utf8"=>"✓", "pony"=>{"name"=>"tyhth", "profession"=>"gfhhgf"}, "commit"=>"Create Pony"}
  [1m[35m (0.1ms)[0m  [1m[36mbegin transaction[0m
  [1m[35mSQL (0.3ms)[0m  [1m[32mINSERT INTO "ponies" ("name", "profession", "created_at", "updated_at") VALUES (?, ?, ?, ?)[0m  [["name", "tyhth"], ["profession", "gfhhgf"], ["created_at", 2016-12-14 20:23:23 UTC], ["updated_at", 2016-12-14 20:23:23 UTC]]
  [1m[35m (1.7ms)[0m  [1m[36mcommit transaction[0m
Redirected to http://localhost:3000/ponies/new
Completed 200 OK in 6ms (ActiveRecord: 2.1ms)


Started GET "/ponies/new" for ::1 at 2016-12-14 14:23:23 -0600
Processing by PoniesController#new as HTML
  Rendering ponies/new.html.erb within layouts/application
  Rendered ponies/_form.html.erb (14.7ms)
  [1m[36mPony Load (0.2ms)[0m  [1m[34mSELECT "ponies".* FROM "ponies"[0m
  Rendered ponies/new.html.erb within layouts/application (28.2ms)
Completed 200 OK in 81ms (Views: 76.4ms | ActiveRecord: 0.2ms)


Started GET "/ponies/new" for ::1 at 2016-12-14 17:07:11 -0600
Processing by PoniesController#new as HTML
  Rendering ponies/new.html.erb within layouts/application
  Rendered ponies/_form.html.erb (2.9ms)
  [1m[36mPony Load (0.2ms)[0m  [1m[34mSELECT "ponies".* FROM "ponies"[0m
  Rendered ponies/new.html.erb within layouts/application (9.1ms)
Completed 200 OK in 65ms (Views: 62.4ms | ActiveRecord: 0.2ms)


Started GET "/ponies/new" for ::1 at 2016-12-14 17:07:42 -0600
Processing by PoniesController#new as HTML
  Rendering ponies/new.html.erb within layouts/application
  Rendered ponies/_form.html.erb (1.9ms)
  [1m[36mPony Load (0.1ms)[0m  [1m[34mSELECT "ponies".* FROM "ponies"[0m
  Rendered ponies/new.html.erb within layouts/application (6.6ms)
Completed 200 OK in 30ms (Views: 26.9ms | ActiveRecord: 0.1ms)


Started GET "/ponies/new" for ::1 at 2016-12-14 17:07:56 -0600
Processing by PoniesController#new as HTML
  Rendering ponies/new.html.erb within layouts/application
  Rendered ponies/_form.html.erb (2.0ms)
  [1m[36mPony Load (0.1ms)[0m  [1m[34mSELECT "ponies".* FROM "ponies"[0m
  Rendered ponies/new.html.erb within layouts/application (6.8ms)
Completed 200 OK in 29ms (Views: 26.6ms | ActiveRecord: 0.1ms)


Started GET "/ponies/new" for ::1 at 2016-12-14 17:07:58 -0600
Processing by PoniesController#new as HTML
  Rendering ponies/new.html.erb within layouts/application
  Rendered ponies/_form.html.erb (4.7ms)
  [1m[36mPony Load (0.3ms)[0m  [1m[34mSELECT "ponies".* FROM "ponies"[0m
  Rendered ponies/new.html.erb within layouts/application (24.9ms)
Completed 200 OK in 73ms (Views: 70.8ms | ActiveRecord: 0.3ms)


Started GET "/ponies/new" for ::1 at 2016-12-14 17:08:07 -0600
Processing by PoniesController#new as HTML
  Rendering ponies/new.html.erb within layouts/application
  Rendered ponies/_form.html.erb (2.2ms)
  [1m[36mPony Load (0.2ms)[0m  [1m[34mSELECT "ponies".* FROM "ponies"[0m
  Rendered ponies/new.html.erb within layouts/application (8.9ms)
Completed 200 OK in 32ms (Views: 30.2ms | ActiveRecord: 0.2ms)


Started GET "/ponies/new" for ::1 at 2016-12-14 17:08:09 -0600
Processing by PoniesController#new as HTML
  Rendering ponies/new.html.erb within layouts/application
  Rendered ponies/_form.html.erb (4.8ms)
  [1m[36mPony Load (0.3ms)[0m  [1m[34mSELECT "ponies".* FROM "ponies"[0m
  Rendered ponies/new.html.erb within layouts/application (21.2ms)
Completed 200 OK in 55ms (Views: 52.5ms | ActiveRecord: 0.3ms)


Started GET "/ponies/new" for ::1 at 2016-12-14 17:08:10 -0600
Processing by PoniesController#new as HTML
  Rendering ponies/new.html.erb within layouts/application
  Rendered ponies/_form.html.erb (5.2ms)
  [1m[36mPony Load (0.4ms)[0m  [1m[34mSELECT "ponies".* FROM "ponies"[0m
  Rendered ponies/new.html.erb within layouts/application (16.3ms)
Completed 200 OK in 67ms (Views: 63.0ms | ActiveRecord: 0.4ms)


Started GET "/ponies/new" for ::1 at 2016-12-14 17:08:13 -0600
Processing by PoniesController#new as HTML
  Rendering ponies/new.html.erb within layouts/application
  Rendered ponies/_form.html.erb (6.4ms)
  [1m[36mPony Load (0.4ms)[0m  [1m[34mSELECT "ponies".* FROM "ponies"[0m
  Rendered ponies/new.html.erb within layouts/application (17.2ms)
Completed 200 OK in 66ms (Views: 61.8ms | ActiveRecord: 0.4ms)


Started GET "/ponies/new" for ::1 at 2016-12-14 17:08:13 -0600
Processing by PoniesController#new as HTML
  Rendering ponies/new.html.erb within layouts/application
  Rendered ponies/_form.html.erb (4.4ms)
  [1m[36mPony Load (0.2ms)[0m  [1m[34mSELECT "ponies".* FROM "ponies"[0m
  Rendered ponies/new.html.erb within layouts/application (13.5ms)
Completed 200 OK in 62ms (Views: 58.3ms | ActiveRecord: 0.2ms)


Started DELETE "/ponies/7" for ::1 at 2016-12-14 17:08:35 -0600
Processing by PoniesController#destroy as JS
  Parameters: {"id"=>"7"}
  [1m[36mPony Load (0.3ms)[0m  [1m[34mSELECT  "ponies".* FROM "ponies" WHERE "ponies"."id" = ? LIMIT ?[0m  [["id", 7], ["LIMIT", 1]]
  [1m[35m (0.1ms)[0m  [1m[36mbegin transaction[0m
  [1m[35mSQL (0.3ms)[0m  [1m[31mDELETE FROM "ponies" WHERE "ponies"."id" = ?[0m  [["id", 7]]
  [1m[35m (1.6ms)[0m  [1m[36mcommit transaction[0m
  Rendering ponies/destroy.js.erb
  Rendered ponies/destroy.js.erb (0.7ms)
Completed 200 OK in 12ms (Views: 5.0ms | ActiveRecord: 2.3ms)


Started DELETE "/ponies/12" for ::1 at 2016-12-14 17:08:43 -0600
Processing by PoniesController#destroy as JS
  Parameters: {"id"=>"12"}
  [1m[36mPony Load (0.1ms)[0m  [1m[34mSELECT  "ponies".* FROM "ponies" WHERE "ponies"."id" = ? LIMIT ?[0m  [["id", 12], ["LIMIT", 1]]
  [1m[35m (0.1ms)[0m  [1m[36mbegin transaction[0m
  [1m[35mSQL (0.3ms)[0m  [1m[31mDELETE FROM "ponies" WHERE "ponies"."id" = ?[0m  [["id", 12]]
  [1m[35m (2.0ms)[0m  [1m[36mcommit transaction[0m
  Rendering ponies/destroy.js.erb
  Rendered ponies/destroy.js.erb (0.7ms)
Completed 200 OK in 9ms (Views: 4.1ms | ActiveRecord: 2.4ms)


Started GET "/ponies/new" for ::1 at 2016-12-14 17:10:35 -0600
Processing by PoniesController#new as HTML
  Rendering ponies/new.html.erb within layouts/application
  Rendered ponies/_form.html.erb (2.2ms)
  [1m[36mPony Load (0.3ms)[0m  [1m[34mSELECT "ponies".* FROM "ponies"[0m
  Rendered ponies/new.html.erb within layouts/application (7.2ms)
Completed 200 OK in 29ms (Views: 27.2ms | ActiveRecord: 0.3ms)


Started GET "/ponies/new" for ::1 at 2016-12-14 17:10:41 -0600
Processing by PoniesController#new as HTML
  Rendering ponies/new.html.erb within layouts/application
  Rendered ponies/_form.html.erb (1.7ms)
  [1m[36mPony Load (0.3ms)[0m  [1m[34mSELECT "ponies".* FROM "ponies"[0m
  Rendered ponies/new.html.erb within layouts/application (7.6ms)
Completed 200 OK in 31ms (Views: 28.3ms | ActiveRecord: 0.3ms)


Started GET "/ponies/new" for ::1 at 2016-12-14 17:10:47 -0600
Processing by PoniesController#new as HTML
  Rendering ponies/new.html.erb within layouts/application
  Rendered ponies/_form.html.erb (2.6ms)
  [1m[36mPony Load (0.2ms)[0m  [1m[34mSELECT "ponies".* FROM "ponies"[0m
  Rendered ponies/new.html.erb within layouts/application (7.7ms)
Completed 200 OK in 40ms (Views: 35.9ms | ActiveRecord: 0.2ms)


Started GET "/ponies/new" for ::1 at 2016-12-14 17:11:53 -0600
Processing by PoniesController#new as HTML
  Rendering ponies/new.html.erb within layouts/application
  Rendered ponies/_form.html.erb (1.9ms)
  [1m[36mPony Load (0.2ms)[0m  [1m[34mSELECT "ponies".* FROM "ponies"[0m
  Rendered ponies/new.html.erb within layouts/application (6.4ms)
Completed 200 OK in 196ms (Views: 192.1ms | ActiveRecord: 0.2ms)


Started GET "/ponies/new" for ::1 at 2016-12-14 17:11:55 -0600
Processing by PoniesController#new as HTML
  Rendering ponies/new.html.erb within layouts/application
  Rendered ponies/_form.html.erb (11.0ms)
  [1m[36mPony Load (0.3ms)[0m  [1m[34mSELECT "ponies".* FROM "ponies"[0m
  Rendered ponies/new.html.erb within layouts/application (21.0ms)
Completed 200 OK in 84ms (Views: 81.3ms | ActiveRecord: 0.3ms)


Started GET "/ponies/new" for ::1 at 2016-12-14 17:12:26 -0600
Processing by PoniesController#new as HTML
  Rendering ponies/new.html.erb within layouts/application
  Rendered ponies/_form.html.erb (2.1ms)
  [1m[36mPony Load (0.2ms)[0m  [1m[34mSELECT "ponies".* FROM "ponies"[0m
  Rendered ponies/new.html.erb within layouts/application (6.7ms)
Completed 200 OK in 32ms (Views: 29.7ms | ActiveRecord: 0.2ms)


Started GET "/ponies/new" for ::1 at 2016-12-14 17:12:33 -0600
Processing by PoniesController#new as HTML
  Rendering ponies/new.html.erb within layouts/application
  Rendered ponies/_form.html.erb (3.6ms)
  [1m[36mPony Load (0.2ms)[0m  [1m[34mSELECT "ponies".* FROM "ponies"[0m
  Rendered ponies/new.html.erb within layouts/application (9.2ms)
Completed 200 OK in 37ms (Views: 34.9ms | ActiveRecord: 0.2ms)


Started GET "/ponies/new" for ::1 at 2016-12-14 17:12:35 -0600
Processing by PoniesController#new as HTML
  Rendering ponies/new.html.erb within layouts/application
  Rendered ponies/_form.html.erb (4.2ms)
  [1m[36mPony Load (0.2ms)[0m  [1m[34mSELECT "ponies".* FROM "ponies"[0m
  Rendered ponies/new.html.erb within layouts/application (16.4ms)
Completed 200 OK in 77ms (Views: 74.8ms | ActiveRecord: 0.2ms)


Started GET "/ponies/new" for ::1 at 2016-12-14 17:12:36 -0600
Processing by PoniesController#new as HTML
  Rendering ponies/new.html.erb within layouts/application
  Rendered ponies/_form.html.erb (4.8ms)
  [1m[36mPony Load (0.3ms)[0m  [1m[34mSELECT "ponies".* FROM "ponies"[0m
  Rendered ponies/new.html.erb within layouts/application (12.7ms)
Completed 200 OK in 78ms (Views: 73.5ms | ActiveRecord: 0.3ms)


Started GET "/ponies/new" for ::1 at 2016-12-14 17:12:37 -0600
Processing by PoniesController#new as HTML
  Rendering ponies/new.html.erb within layouts/application
  Rendered ponies/_form.html.erb (5.5ms)
  [1m[36mPony Load (0.3ms)[0m  [1m[34mSELECT "ponies".* FROM "ponies"[0m
  Rendered ponies/new.html.erb within layouts/application (13.1ms)
Completed 200 OK in 67ms (Views: 62.9ms | ActiveRecord: 0.3ms)


Started GET "/ponies/new" for ::1 at 2016-12-14 17:12:38 -0600
Processing by PoniesController#new as HTML
  Rendering ponies/new.html.erb within layouts/application
  Rendered ponies/_form.html.erb (4.3ms)
  [1m[36mPony Load (0.3ms)[0m  [1m[34mSELECT "ponies".* FROM "ponies"[0m
  Rendered ponies/new.html.erb within layouts/application (15.0ms)
Completed 200 OK in 77ms (Views: 74.6ms | ActiveRecord: 0.3ms)


Started GET "/ponies/new" for ::1 at 2016-12-14 17:12:39 -0600
Processing by PoniesController#new as HTML
  Rendering ponies/new.html.erb within layouts/application
  Rendered ponies/_form.html.erb (5.0ms)
  [1m[36mPony Load (0.5ms)[0m  [1m[34mSELECT "ponies".* FROM "ponies"[0m
  Rendered ponies/new.html.erb within layouts/application (14.1ms)
Completed 200 OK in 77ms (Views: 73.7ms | ActiveRecord: 0.5ms)


Started GET "/ponies/new" for ::1 at 2016-12-14 17:12:40 -0600
Processing by PoniesController#new as HTML
  Rendering ponies/new.html.erb within layouts/application
  Rendered ponies/_form.html.erb (27.5ms)
  [1m[36mPony Load (0.3ms)[0m  [1m[34mSELECT "ponies".* FROM "ponies"[0m
  Rendered ponies/new.html.erb within layouts/application (48.2ms)
Completed 200 OK in 105ms (Views: 100.1ms | ActiveRecord: 0.3ms)


Started GET "/ponies/new" for ::1 at 2016-12-14 17:12:40 -0600
Processing by PoniesController#new as HTML
  Rendering ponies/new.html.erb within layouts/application
  Rendered ponies/_form.html.erb (5.0ms)
  [1m[36mPony Load (0.8ms)[0m  [1m[34mSELECT "ponies".* FROM "ponies"[0m
  Rendered ponies/new.html.erb within layouts/application (14.7ms)
Completed 200 OK in 75ms (Views: 71.5ms | ActiveRecord: 0.8ms)


Started GET "/ponies/new" for ::1 at 2016-12-14 17:12:41 -0600
Processing by PoniesController#new as HTML
  Rendering ponies/new.html.erb within layouts/application
  Rendered ponies/_form.html.erb (5.6ms)
  [1m[36mPony Load (0.3ms)[0m  [1m[34mSELECT "ponies".* FROM "ponies"[0m
  Rendered ponies/new.html.erb within layouts/application (15.4ms)
Completed 200 OK in 78ms (Views: 73.9ms | ActiveRecord: 0.3ms)


Started GET "/ponies/new" for ::1 at 2016-12-14 17:12:42 -0600
Processing by PoniesController#new as HTML
  Rendering ponies/new.html.erb within layouts/application
  Rendered ponies/_form.html.erb (4.1ms)
  [1m[36mPony Load (0.4ms)[0m  [1m[34mSELECT "ponies".* FROM "ponies"[0m
  Rendered ponies/new.html.erb within layouts/application (13.3ms)
Completed 200 OK in 75ms (Views: 71.1ms | ActiveRecord: 0.4ms)


Started GET "/ponies/new" for ::1 at 2016-12-14 17:12:44 -0600
Processing by PoniesController#new as HTML
  Rendering ponies/new.html.erb within layouts/application
  Rendered ponies/_form.html.erb (4.1ms)
  [1m[36mPony Load (0.4ms)[0m  [1m[34mSELECT "ponies".* FROM "ponies"[0m
  Rendered ponies/new.html.erb within layouts/application (15.3ms)
Completed 200 OK in 86ms (Views: 83.2ms | ActiveRecord: 0.3ms)


Started GET "/ponies/new" for ::1 at 2016-12-14 17:12:45 -0600
Processing by PoniesController#new as HTML
  Rendering ponies/new.html.erb within layouts/application
  Rendered ponies/_form.html.erb (5.9ms)
  [1m[36mPony Load (0.4ms)[0m  [1m[34mSELECT "ponies".* FROM "ponies"[0m
  Rendered ponies/new.html.erb within layouts/application (13.3ms)
Completed 200 OK in 76ms (Views: 73.8ms | ActiveRecord: 0.4ms)


Started GET "/ponies/new" for ::1 at 2016-12-14 17:12:46 -0600
Processing by PoniesController#new as HTML
  Rendering ponies/new.html.erb within layouts/application
  Rendered ponies/_form.html.erb (4.7ms)
  [1m[36mPony Load (0.3ms)[0m  [1m[34mSELECT "ponies".* FROM "ponies"[0m
  Rendered ponies/new.html.erb within layouts/application (13.6ms)
Completed 200 OK in 83ms (Views: 78.0ms | ActiveRecord: 0.3ms)


Started GET "/ponies/new" for ::1 at 2016-12-14 17:12:50 -0600
Processing by PoniesController#new as HTML
  Rendering ponies/new.html.erb within layouts/application
  Rendered ponies/_form.html.erb (6.3ms)
  [1m[36mPony Load (0.3ms)[0m  [1m[34mSELECT "ponies".* FROM "ponies"[0m
  Rendered ponies/new.html.erb within layouts/application (17.6ms)
Completed 200 OK in 90ms (Views: 86.0ms | ActiveRecord: 0.3ms)


Started GET "/ponies/new" for ::1 at 2016-12-14 17:12:51 -0600
Processing by PoniesController#new as HTML
  Rendering ponies/new.html.erb within layouts/application
  Rendered ponies/_form.html.erb (6.1ms)
  [1m[36mPony Load (0.3ms)[0m  [1m[34mSELECT "ponies".* FROM "ponies"[0m
  Rendered ponies/new.html.erb within layouts/application (17.2ms)
Completed 200 OK in 80ms (Views: 76.1ms | ActiveRecord: 0.3ms)


Started GET "/ponies/new" for ::1 at 2016-12-14 17:20:09 -0600
Processing by PoniesController#new as HTML
  Rendering ponies/new.html.erb within layouts/application
  Rendered ponies/_form.html.erb (1.8ms)
  [1m[36mPony Load (0.1ms)[0m  [1m[34mSELECT "ponies".* FROM "ponies"[0m
  Rendered ponies/new.html.erb within layouts/application (6.1ms)
Completed 200 OK in 31ms (Views: 27.2ms | ActiveRecord: 0.1ms)


Started GET "/ponies/new" for ::1 at 2016-12-14 17:20:14 -0600
Processing by PoniesController#new as HTML
  Rendering ponies/new.html.erb within layouts/application
  Rendered ponies/_form.html.erb (2.4ms)
  [1m[36mPony Load (0.2ms)[0m  [1m[34mSELECT "ponies".* FROM "ponies"[0m
  Rendered ponies/new.html.erb within layouts/application (9.6ms)
Completed 200 OK in 189ms (Views: 186.6ms | ActiveRecord: 0.2ms)


Started GET "/ponies/new" for ::1 at 2016-12-14 17:20:32 -0600
Processing by PoniesController#new as HTML
  Rendering ponies/new.html.erb within layouts/application
  Rendered ponies/_form.html.erb (2.5ms)
  [1m[36mPony Load (0.2ms)[0m  [1m[34mSELECT "ponies".* FROM "ponies"[0m
  Rendered ponies/new.html.erb within layouts/application (7.6ms)
Completed 200 OK in 53ms (Views: 49.8ms | ActiveRecord: 0.2ms)


Started POST "/ponies" for ::1 at 2016-12-14 17:20:37 -0600
Processing by PoniesController#create as JS
  Parameters: {"utf8"=>"✓", "pony"=>{"name"=>"fgjhfgj", "profession"=>"dfgjfghj"}, "commit"=>"Create Pony"}
  [1m[35m (0.1ms)[0m  [1m[36mbegin transaction[0m
  [1m[35mSQL (0.3ms)[0m  [1m[32mINSERT INTO "ponies" ("name", "profession", "created_at", "updated_at") VALUES (?, ?, ?, ?)[0m  [["name", "fgjhfgj"], ["profession", "dfgjfghj"], ["created_at", 2016-12-14 23:20:37 UTC], ["updated_at", 2016-12-14 23:20:37 UTC]]
  [1m[35m (1.5ms)[0m  [1m[36mcommit transaction[0m
Redirected to http://localhost:3000/ponies/new
Completed 200 OK in 6ms (ActiveRecord: 1.8ms)


Started GET "/ponies/new" for ::1 at 2016-12-14 17:20:37 -0600
Processing by PoniesController#new as HTML
  Rendering ponies/new.html.erb within layouts/application
  Rendered ponies/_form.html.erb (13.7ms)
  [1m[36mPony Load (0.2ms)[0m  [1m[34mSELECT "ponies".* FROM "ponies"[0m
  Rendered ponies/new.html.erb within layouts/application (22.3ms)
Completed 200 OK in 81ms (Views: 77.0ms | ActiveRecord: 0.2ms)


Started POST "/ponies" for ::1 at 2016-12-14 17:20:53 -0600
Processing by PoniesController#create as JS
  Parameters: {"utf8"=>"✓", "pony"=>{"name"=>"ipoyipu", "profession"=>"oipiuopui"}, "commit"=>"Create Pony"}
  [1m[35m (0.1ms)[0m  [1m[36mbegin transaction[0m
  [1m[35mSQL (0.9ms)[0m  [1m[32mINSERT INTO "ponies" ("name", "profession", "created_at", "updated_at") VALUES (?, ?, ?, ?)[0m  [["name", "ipoyipu"], ["profession", "oipiuopui"], ["created_at", 2016-12-14 23:20:53 UTC], ["updated_at", 2016-12-14 23:20:53 UTC]]
  [1m[35m (1.6ms)[0m  [1m[36mcommit transaction[0m
Redirected to http://localhost:3000/ponies/new
Completed 200 OK in 6ms (ActiveRecord: 2.5ms)


Started GET "/ponies/new" for ::1 at 2016-12-14 17:20:53 -0600
Processing by PoniesController#new as HTML
  Rendering ponies/new.html.erb within layouts/application
  Rendered ponies/_form.html.erb (4.4ms)
  [1m[36mPony Load (0.3ms)[0m  [1m[34mSELECT "ponies".* FROM "ponies"[0m
  Rendered ponies/new.html.erb within layouts/application (21.3ms)
Completed 200 OK in 92ms (Views: 89.2ms | ActiveRecord: 0.3ms)


Started POST "/ponies" for ::1 at 2016-12-14 17:20:59 -0600
Processing by PoniesController#create as JS
  Parameters: {"utf8"=>"✓", "pony"=>{"name"=>"oip[op[", "profession"=>"oi[oi[pio["}, "commit"=>"Create Pony"}
  [1m[35m (0.2ms)[0m  [1m[36mbegin transaction[0m
  [1m[35mSQL (0.8ms)[0m  [1m[32mINSERT INTO "ponies" ("name", "profession", "created_at", "updated_at") VALUES (?, ?, ?, ?)[0m  [["name", "oip[op["], ["profession", "oi[oi[pio["], ["created_at", 2016-12-14 23:20:59 UTC], ["updated_at", 2016-12-14 23:20:59 UTC]]
  [1m[35m (1.5ms)[0m  [1m[36mcommit transaction[0m
Redirected to http://localhost:3000/ponies/new
Completed 200 OK in 6ms (ActiveRecord: 2.6ms)


Started GET "/ponies/new" for ::1 at 2016-12-14 17:20:59 -0600
Processing by PoniesController#new as HTML
  Rendering ponies/new.html.erb within layouts/application
  Rendered ponies/_form.html.erb (4.8ms)
  [1m[36mPony Load (0.3ms)[0m  [1m[34mSELECT "ponies".* FROM "ponies"[0m
  Rendered ponies/new.html.erb within layouts/application (36.7ms)
Completed 200 OK in 72ms (Views: 69.3ms | ActiveRecord: 0.3ms)


Started POST "/ponies" for ::1 at 2016-12-14 17:21:09 -0600
Processing by PoniesController#create as JS
  Parameters: {"utf8"=>"✓", "pony"=>{"name"=>"sfghfgdhf", "profession"=>"fghfghf"}, "commit"=>"Create Pony"}
  [1m[35m (0.1ms)[0m  [1m[36mbegin transaction[0m
  [1m[35mSQL (0.3ms)[0m  [1m[32mINSERT INTO "ponies" ("name", "profession", "created_at", "updated_at") VALUES (?, ?, ?, ?)[0m  [["name", "sfghfgdhf"], ["profession", "fghfghf"], ["created_at", 2016-12-14 23:21:09 UTC], ["updated_at", 2016-12-14 23:21:09 UTC]]
  [1m[35m (1.6ms)[0m  [1m[36mcommit transaction[0m
Redirected to http://localhost:3000/ponies/new
Completed 200 OK in 7ms (ActiveRecord: 2.0ms)


Started GET "/ponies/new" for ::1 at 2016-12-14 17:21:09 -0600
Processing by PoniesController#new as HTML
  Rendering ponies/new.html.erb within layouts/application
  Rendered ponies/_form.html.erb (3.2ms)
  [1m[36mPony Load (0.3ms)[0m  [1m[34mSELECT "ponies".* FROM "ponies"[0m
  Rendered ponies/new.html.erb within layouts/application (29.5ms)
Completed 200 OK in 83ms (Views: 79.4ms | ActiveRecord: 0.3ms)


Started DELETE "/ponies/14" for ::1 at 2016-12-14 17:33:48 -0600
Processing by PoniesController#destroy as JS
  Parameters: {"id"=>"14"}
  [1m[36mPony Load (0.2ms)[0m  [1m[34mSELECT  "ponies".* FROM "ponies" WHERE "ponies"."id" = ? LIMIT ?[0m  [["id", 14], ["LIMIT", 1]]
  [1m[35m (0.2ms)[0m  [1m[36mbegin transaction[0m
  [1m[35mSQL (0.4ms)[0m  [1m[31mDELETE FROM "ponies" WHERE "ponies"."id" = ?[0m  [["id", 14]]
  [1m[35m (1.8ms)[0m  [1m[36mcommit transaction[0m
  Rendering ponies/destroy.js.erb
  Rendered ponies/destroy.js.erb (0.7ms)
Completed 200 OK in 16ms (Views: 6.7ms | ActiveRecord: 2.6ms)


Started DELETE "/ponies/15" for ::1 at 2016-12-14 17:36:14 -0600
Processing by PoniesController#destroy as JS
  Parameters: {"id"=>"15"}
  [1m[36mPony Load (0.1ms)[0m  [1m[34mSELECT  "ponies".* FROM "ponies" WHERE "ponies"."id" = ? LIMIT ?[0m  [["id", 15], ["LIMIT", 1]]
  [1m[35m (0.1ms)[0m  [1m[36mbegin transaction[0m
  [1m[35mSQL (0.4ms)[0m  [1m[31mDELETE FROM "ponies" WHERE "ponies"."id" = ?[0m  [["id", 15]]
  [1m[35m (1.9ms)[0m  [1m[36mcommit transaction[0m
  Rendering ponies/destroy.js.erb
  Rendered ponies/destroy.js.erb (1.0ms)
Completed 200 OK in 12ms (Views: 5.4ms | ActiveRecord: 2.5ms)


